   13.2    76.2
  211.7    70.5
  188.1    72.4
  322.2    66.1
  235.2    78.8
    6.9    78.3
  158.7    77.4
   77.1    73.2
   11.8    78.4
   64.1    79.1
  313.9    80.4
  321.1    58.8
  352.6    79.5
   27.9    67.6
  316.6    77.2
   51.1    77.4
  152.1    77.3
   41.7    71.4
  209.8    82.8
   66.0    68.1
  200.0    73.3
  156.2    80.9
   42.8    83.0
  301.7    52.3
  306.5    68.5
  129.3    76.3
    0.7    84.6
   83.7    80.3
  312.5    61.3
   49.6    68.5
  138.6    79.8
  137.1    82.0
  183.3    73.0
  150.1    84.4
   85.4    74.8
  122.3    73.4
  122.8    79.1
  103.6    73.9
   89.0    63.5
  177.7    80.8
   10.4    65.7
  328.8    55.6
  229.7    75.7
  262.6    77.2
  239.0    69.8
  110.3    69.3
  232.8    65.0
  155.8    57.9
  134.5    81.7
  302.8    80.9
  128.9    70.1
  287.3    72.3
  335.1    73.5
  261.4    80.5
   53.7    83.4
  214.3    76.8
  190.5    80.4
  210.1    67.3
  130.7    80.5
  169.6    78.2
  324.7    59.7
  352.6    67.3
   49.1    77.7
  212.7    74.6
  184.8    77.2
  129.4    84.9
    7.7    71.0
  279.2    75.3
  264.3    77.7
  257.3    50.2
    2.3    77.8
   46.8    43.4
  354.5    75.4
  202.4    81.1
  129.8    78.2
  150.5    81.2
  162.4    79.4
  136.8    53.7
  186.4    75.5
   66.0    83.4
  332.6    74.9
  285.8    86.9
  352.4    83.3
   29.8    74.9
  310.2    69.9
  217.1    74.4
  204.3    64.6
  247.3    50.8
  225.4    77.6
  168.4    64.4
  232.3    78.3
  324.9    54.6
   19.3    77.9
  298.2    74.4
  236.5    74.4
  165.7    66.0
    7.1    87.9
   49.9    72.9
  326.0    64.1
  328.7    88.0
