13.074503
15.056288
10.473923
10.872024
7.140034
14.199376
7.179894
16.857365
12.205196
9.435122
14.692657
15.876872
14.345784
11.256351
17.084791
13.906378
9.200702
10.898100
12.182636
9.873159
8.019257
10.830963
9.706956
10.359991
9.723186
8.119855
1.643638
12.058058
12.171119
12.542152
12.481095
17.029442
10.115575
9.859230
8.049646
11.350005
17.459171
5.721957
9.815827
10.410714
11.493182
14.418152
5.234334
9.294439
7.914866
11.537355
10.327753
8.830108
7.776747
10.649711
7.957412
2.502320
9.242165
10.717758
11.634117
13.632385
10.222716
5.736348
9.722199
9.523555
8.990183
10.631332
0.681055
5.909478
8.843131
9.150207
10.269852
5.395039
12.022385
10.880604
13.411091
10.874730
6.108762
6.403099
7.783737
11.024676
13.896210
12.767712
16.580908
7.913427
10.715955
9.741299
10.534251
8.025966
8.958413
13.341856
7.210407
13.122312
10.981274
11.952732
9.940462
7.256185
4.466429
14.268206
13.212779
10.687617
9.519155
9.420245
8.374295
16.018397
13.073124
6.023936
8.041840
9.828871
12.991084
12.608293
12.310963
9.235246
11.072393
11.781859
10.245836
14.707248
11.229117
7.365269
11.371572
8.408533
5.026088
6.150400
12.123225
7.997076
11.480678
14.489866
13.922044
14.492107
12.532816
5.228305
11.846494
7.912850
13.064320
12.937447
4.799559
12.772761
11.590078
12.038668
9.142722
13.315130
11.596095
9.526892
10.211529
12.182812
10.322233
9.305801
8.399838
9.945907
10.912473
5.721637
10.928886
9.646214
13.338912
8.946659
10.211793
14.280374
11.494492
6.072538
3.887332
11.832117
11.741195
8.528188
10.252612
8.658581
13.196704
6.511257
19.080809
7.819333
11.429862
10.797085
7.107810
11.160836
7.738825
12.383971
8.989780
4.976371
9.902199
6.963405
7.261251
8.310329
11.860911
11.161876
11.394865
8.838502
8.136693
10.906655
8.599663
8.646748
9.614279
13.124989
11.639909
9.700731
11.299342
9.044603
9.795740
10.068619
12.498885
11.485485
9.922171
7.080883
11.440265
6.410531
9.748398
9.569000
9.805670
5.878182
6.339393
13.228254
11.138980
11.089100
5.495642
10.259656
12.112750
10.901786
13.252559
13.280812
14.859910
9.753527
13.485955
3.832301
7.553528
10.253722
9.913682
8.763002
9.724212
12.713573
8.448406
13.836629
15.702796
9.836785
6.904026
6.094829
8.769431
13.306459
10.331767
11.055941
7.543296
8.099710
9.729053
9.950724
4.464856
11.505238
11.146469
9.103580
13.311193
14.599219
5.089780
10.122634
15.588397
10.871322
9.309953
7.675234
6.377176
6.140085
11.403863
10.789387
12.357993
6.795299
16.203266
12.984465
7.185163
10.887910
7.572824
7.699902
14.820045
11.842658
6.825634
11.914962
12.211266
12.025818
15.702324
9.933139
10.136282
4.843699
12.064659
9.648254
8.065733
4.181747
8.440111
8.693716
16.729041
7.959867
20.315093
7.175336
14.841742
12.401123
13.912336
13.632987
15.392713
13.814251
10.929944
11.766372
10.577288
10.935688
9.218098
11.957607
7.050043
10.323948
12.500336
5.376830
4.524453
10.858450
10.711485
7.635239
12.256672
14.476465
10.952821
6.900738
7.682753
14.809504
6.148878
11.599936
6.738767
11.957596
13.500428
3.718211
11.847440
13.349329
9.042275
5.950932
10.739448
11.738434
5.642759
14.195322
14.769092
12.819827
8.757177
7.260991
8.788511
10.002735
6.377184
10.716254
9.817288
8.838201
7.601156
11.395419
9.492760
7.017746
9.438937
12.066951
9.327251
10.397789
11.514555
9.923133
13.269719
10.220130
9.569940
5.064841
11.700249
12.165488
8.356639
2.865833
9.284560
11.003917
6.295867
5.785092
8.484332
12.706706
12.618957
7.637036
5.541051
5.838043
11.528423
5.585188
9.384343
10.221869
12.591008
5.760781
9.093821
10.658021
11.849270
12.052769
7.177483
8.333115
11.949147
12.149714
10.482925
9.011564
6.055248
14.445597
12.309912
16.934687
3.405108
12.736218
9.597141
10.916207
11.260274
7.116001
6.062186
4.287031
8.870190
9.352494
7.995280
11.338059
9.238147
8.792886
13.773913
12.364729
13.998539
7.341815
10.088555
10.067954
6.868011
3.946988
7.899240
10.341810
14.382132
14.450447
8.734339
12.417614
10.787369
13.083770
10.553507
11.284901
10.371846
13.370108
4.275227
6.754911
12.622669
12.677998
4.595926
16.267325
7.878473
13.766625
7.939304
11.552430
9.575872
12.079610
9.026613
7.477661
11.622646
2.968398
15.505776
10.038918
14.461428
11.008676
7.520296
8.804403
15.282073
8.992804
6.434577
14.575394
9.293496
10.934606
14.797456
12.308813
15.792192
10.107484
9.845023
8.380039
9.155893
7.221822
13.055441
8.391441
12.860914
9.814034
8.456584
11.228628
12.277157
1.420962
12.744708
9.308357
12.794811
10.908199
11.139297
5.922406
8.835787
11.894387
5.933359
7.417732
11.498989
10.249275
11.576066
9.139781
11.573177
5.617748
10.565440
10.511981
11.668410
3.914319
10.166555
12.884920
4.882095
14.157850
7.387078
14.477612
8.264718
7.779687
12.182391
13.555641
9.158412
12.468970
9.791309
15.198602
4.499222
5.415013
10.897730
11.378454
10.173870
9.797476
7.290426
10.976840
13.064680
13.313154
12.751321
8.541131
14.963990
13.206307
5.194575
9.691357
12.900564
6.928150
13.433115
15.753318
15.857197
14.730705
12.892009
9.218771
9.228671
12.371479
10.766422
13.697991
14.186352
15.634469
13.570509
6.506603
7.893987
11.588174
17.870178
14.033494
13.214474
7.453179
11.659855
7.812762
8.456909
12.180859
7.974209
7.032714
8.830547
8.424400
5.692052
7.246634
12.850173
14.483107
15.504459
7.911361
11.398676
10.457065
12.939084
7.068425
12.072814
9.263491
7.896593
14.037270
8.656580
7.639728
8.677091
8.904575
12.230091
12.181491
11.327560
8.614168
11.741694
10.217846
6.827910
9.286032
10.461545
7.062494
6.864376
5.729421
11.907749
3.468074
9.947056
9.398205
6.711404
5.643375
10.216588
14.550659
8.747257
9.841493
3.258783
8.264735
13.491648
10.371608
8.277953
8.294961
3.979321
8.897018
8.965149
11.743864
8.142190
8.709239
14.138824
11.749736
13.629281
13.963997
12.560737
3.316265
11.250247
6.220309
15.419019
15.912335
7.622459
4.847421
11.405334
5.259434
3.388907
13.464388
10.284477
10.183803
9.111686
14.805803
8.967804
11.343411
12.123519
16.329460
13.424222
5.242347
7.650872
10.554966
14.509117
10.295333
12.338972
9.644225
9.171227
7.980129
11.023347
10.348613
15.225378
9.109120
4.601150
11.108944
12.322414
8.112468
10.350983
6.827795
5.081034
10.803249
12.380106
7.438663
12.589532
6.977217
12.192175
7.120256
9.769236
14.331088
12.860000
6.941019
9.873694
6.809130
19.243733
6.409206
9.925413
9.712340
8.794774
10.078948
8.096876
8.381532
11.569461
6.609143
10.116628
6.742954
10.043908
10.061928
9.684762
10.875492
9.379448
8.783177
16.725102
14.497682
9.533547
4.511750
9.876209
7.494778
12.216914
9.272206
7.557489
7.950166
13.821079
12.518210
7.452456
15.828963
13.782196
13.617313
9.814827
12.874844
10.751861
14.674492
10.051518
13.394230
5.329538
12.591835
14.865884
10.334997
7.680300
8.548183
12.216647
11.022294
10.675691
10.776134
6.113140
8.859678
12.324693
9.329723
12.071935
5.794665
7.656011
10.887063
13.483279
8.311241
9.897468
6.830659
12.572980
9.217818
4.397617
9.327032
9.625291
9.652999
9.151868
8.001820
7.520059
10.058269
12.658047
12.290364
7.565660
11.024008
11.084968
14.389110
7.059622
6.521595
12.927730
12.348689
6.924751
6.955636
7.448255
14.664243
6.315522
10.909740
9.813233
14.184575
4.927860
10.339394
3.732484
12.597496
11.734766
10.337259
15.340956
12.389707
5.368666
11.136166
9.187062
7.642845
5.526161
7.970979
6.719812
9.150073
8.248512
15.123019
11.085156
11.675792
9.373332
11.805849
14.717067
10.791672
7.815499
12.382911
12.991097
14.643868
13.274520
8.252971
15.176175
6.291050
12.873448
12.618056
4.778887
6.157427
7.386936
8.232669
8.986204
8.181850
10.611856
10.690647
11.635440
13.509365
5.165975
6.514989
9.337291
9.464109
10.656151
12.854587
6.592130
10.454498
14.643873
13.902716
10.417154
16.411534
16.333337
11.924970
8.835874
13.184514
7.554318
16.699684
6.706445
2.320140
13.944077
9.230992
9.820738
6.574472
12.789130
14.811989
4.976196
7.178122
10.757532
6.720302
9.064042
11.036366
7.640452
8.443131
13.947012
6.852370
14.083334
10.019783
8.235468
9.303155
6.620879
10.647947
14.585369
9.925069
10.222476
10.619310
9.414158
9.555250
12.241823
11.925337
8.761691
14.999494
3.472431
7.504256
13.953414
8.693811
7.666745
5.740025
6.832751
9.794299
5.333844
8.193325
10.339031
9.586535
11.353380
12.846680
11.887577
6.188103
7.086346
8.799750
7.881985
11.156190
9.902832
9.667965
12.775855
11.322520
11.841789
8.646717
14.501354
9.981820
13.705353
12.388213
10.989034
4.839632
7.636455
10.654889
8.684607
11.028741
6.040253
2.116805
8.908298
9.182568
7.040369
12.768372
11.253849
11.025805
7.357471
12.611146
12.752314
9.492650
6.617972
10.252992
12.136525
5.880480
10.869674
10.876101
10.671320
8.260826
8.724608
15.933383
7.565740
10.007766
7.169108
4.962732
11.362476
9.735815
15.540756
11.346716
13.731726
12.885352
14.811533
17.309286
5.408281
16.131880
14.238325
6.638243
7.333958
4.979649
10.453451
12.082366
13.818744
10.613970
5.906644
9.075975
14.377012
10.225020
10.049305
7.658746
7.117338
10.675867
10.704590
5.347221
10.374007
12.006819
4.923780
9.784502
11.410235
5.528671
11.470982
9.179707
7.736165
12.652300
9.415378
14.061271
7.845905
11.739432
11.621731
8.802169
8.468520
6.225849
12.193708
9.049410
17.613602
10.966038
8.954840
6.631127
8.442755
9.424001
6.378038
18.702321
8.171485
4.965071
12.186448
7.902163
11.230702
7.742972
4.885023
7.516059
11.397845
9.049419
12.050138
12.033402
5.439264
11.179452
5.431380
14.805147
11.452823
12.375879
12.432281
5.900598
8.971496
9.374394
5.975864
8.963499
6.802778
12.367125
12.035072
6.718783
5.523238
14.546493
8.940569
11.934334
11.327069
11.624506
13.288159
12.930835
13.286831
11.599887
6.400549
12.410362
14.027674
8.583091
8.331667
10.015808
11.819467
-1.191840
9.289470
10.417874
12.684167
14.081603
