This is pdfTeX, Version 3.14159265-2.6-1.40.18 (TeX Live 2017) (preloaded format=pdflatex 2018.2.11)  19 FEB 2018 09:31
entering extended mode
 restricted \write18 enabled.
 %&-line parsing enabled.
**ColourHDRI.tex
(./ColourHDRI.tex
LaTeX2e <2017-04-15>
Babel <3.17> and hyphenation patterns for 84 language(s) loaded.
(./sphinxmanual.cls
Document Class: sphinxmanual 2017/03/26 v1.6 Document class (Sphinx manual)
(/usr/local/texlive/2017/texmf-dist/tex/latex/base/report.cls
Document Class: report 2014/09/29 v1.4h Standard LaTeX document class
(/usr/local/texlive/2017/texmf-dist/tex/latex/base/size10.clo
File: size10.clo 2014/09/29 v1.4h Standard LaTeX file (size option)
)
\c@part=\count79
\c@chapter=\count80
\c@section=\count81
\c@subsection=\count82
\c@subsubsection=\count83
\c@paragraph=\count84
\c@subparagraph=\count85
\c@figure=\count86
\c@table=\count87
\abovecaptionskip=\skip41
\belowcaptionskip=\skip42
\bibindent=\dimen102
))
(/usr/local/texlive/2017/texmf-dist/tex/latex/base/inputenc.sty
Package: inputenc 2015/03/17 v1.2c Input encoding file
\inpenc@prehook=\toks14
\inpenc@posthook=\toks15

(/usr/local/texlive/2017/texmf-dist/tex/latex/base/utf8.def
File: utf8.def 2017/01/28 v1.1t UTF-8 support for inputenc
Now handling font encoding OML ...
... no UTF-8 mapping file for font encoding OML
Now handling font encoding T1 ...
... processing UTF-8 mapping file for font encoding T1

(/usr/local/texlive/2017/texmf-dist/tex/latex/base/t1enc.dfu
File: t1enc.dfu 2017/01/28 v1.1t UTF-8 support for inputenc
   defining Unicode char U+00A0 (decimal 160)
   defining Unicode char U+00A1 (decimal 161)
   defining Unicode char U+00A3 (decimal 163)
   defining Unicode char U+00AB (decimal 171)
   defining Unicode char U+00AD (decimal 173)
   defining Unicode char U+00BB (decimal 187)
   defining Unicode char U+00BF (decimal 191)
   defining Unicode char U+00C0 (decimal 192)
   defining Unicode char U+00C1 (decimal 193)
   defining Unicode char U+00C2 (decimal 194)
   defining Unicode char U+00C3 (decimal 195)
   defining Unicode char U+00C4 (decimal 196)
   defining Unicode char U+00C5 (decimal 197)
   defining Unicode char U+00C6 (decimal 198)
   defining Unicode char U+00C7 (decimal 199)
   defining Unicode char U+00C8 (decimal 200)
   defining Unicode char U+00C9 (decimal 201)
   defining Unicode char U+00CA (decimal 202)
   defining Unicode char U+00CB (decimal 203)
   defining Unicode char U+00CC (decimal 204)
   defining Unicode char U+00CD (decimal 205)
   defining Unicode char U+00CE (decimal 206)
   defining Unicode char U+00CF (decimal 207)
   defining Unicode char U+00D0 (decimal 208)
   defining Unicode char U+00D1 (decimal 209)
   defining Unicode char U+00D2 (decimal 210)
   defining Unicode char U+00D3 (decimal 211)
   defining Unicode char U+00D4 (decimal 212)
   defining Unicode char U+00D5 (decimal 213)
   defining Unicode char U+00D6 (decimal 214)
   defining Unicode char U+00D8 (decimal 216)
   defining Unicode char U+00D9 (decimal 217)
   defining Unicode char U+00DA (decimal 218)
   defining Unicode char U+00DB (decimal 219)
   defining Unicode char U+00DC (decimal 220)
   defining Unicode char U+00DD (decimal 221)
   defining Unicode char U+00DE (decimal 222)
   defining Unicode char U+00DF (decimal 223)
   defining Unicode char U+00E0 (decimal 224)
   defining Unicode char U+00E1 (decimal 225)
   defining Unicode char U+00E2 (decimal 226)
   defining Unicode char U+00E3 (decimal 227)
   defining Unicode char U+00E4 (decimal 228)
   defining Unicode char U+00E5 (decimal 229)
   defining Unicode char U+00E6 (decimal 230)
   defining Unicode char U+00E7 (decimal 231)
   defining Unicode char U+00E8 (decimal 232)
   defining Unicode char U+00E9 (decimal 233)
   defining Unicode char U+00EA (decimal 234)
   defining Unicode char U+00EB (decimal 235)
   defining Unicode char U+00EC (decimal 236)
   defining Unicode char U+00ED (decimal 237)
   defining Unicode char U+00EE (decimal 238)
   defining Unicode char U+00EF (decimal 239)
   defining Unicode char U+00F0 (decimal 240)
   defining Unicode char U+00F1 (decimal 241)
   defining Unicode char U+00F2 (decimal 242)
   defining Unicode char U+00F3 (decimal 243)
   defining Unicode char U+00F4 (decimal 244)
   defining Unicode char U+00F5 (decimal 245)
   defining Unicode char U+00F6 (decimal 246)
   defining Unicode char U+00F8 (decimal 248)
   defining Unicode char U+00F9 (decimal 249)
   defining Unicode char U+00FA (decimal 250)
   defining Unicode char U+00FB (decimal 251)
   defining Unicode char U+00FC (decimal 252)
   defining Unicode char U+00FD (decimal 253)
   defining Unicode char U+00FE (decimal 254)
   defining Unicode char U+00FF (decimal 255)
   defining Unicode char U+0100 (decimal 256)
   defining Unicode char U+0101 (decimal 257)
   defining Unicode char U+0102 (decimal 258)
   defining Unicode char U+0103 (decimal 259)
   defining Unicode char U+0104 (decimal 260)
   defining Unicode char U+0105 (decimal 261)
   defining Unicode char U+0106 (decimal 262)
   defining Unicode char U+0107 (decimal 263)
   defining Unicode char U+0108 (decimal 264)
   defining Unicode char U+0109 (decimal 265)
   defining Unicode char U+010A (decimal 266)
   defining Unicode char U+010B (decimal 267)
   defining Unicode char U+010C (decimal 268)
   defining Unicode char U+010D (decimal 269)
   defining Unicode char U+010E (decimal 270)
   defining Unicode char U+010F (decimal 271)
   defining Unicode char U+0110 (decimal 272)
   defining Unicode char U+0111 (decimal 273)
   defining Unicode char U+0112 (decimal 274)
   defining Unicode char U+0113 (decimal 275)
   defining Unicode char U+0114 (decimal 276)
   defining Unicode char U+0115 (decimal 277)
   defining Unicode char U+0116 (decimal 278)
   defining Unicode char U+0117 (decimal 279)
   defining Unicode char U+0118 (decimal 280)
   defining Unicode char U+0119 (decimal 281)
   defining Unicode char U+011A (decimal 282)
   defining Unicode char U+011B (decimal 283)
   defining Unicode char U+011C (decimal 284)
   defining Unicode char U+011D (decimal 285)
   defining Unicode char U+011E (decimal 286)
   defining Unicode char U+011F (decimal 287)
   defining Unicode char U+0120 (decimal 288)
   defining Unicode char U+0121 (decimal 289)
   defining Unicode char U+0122 (decimal 290)
   defining Unicode char U+0123 (decimal 291)
   defining Unicode char U+0124 (decimal 292)
   defining Unicode char U+0125 (decimal 293)
   defining Unicode char U+0128 (decimal 296)
   defining Unicode char U+0129 (decimal 297)
   defining Unicode char U+012A (decimal 298)
   defining Unicode char U+012B (decimal 299)
   defining Unicode char U+012C (decimal 300)
   defining Unicode char U+012D (decimal 301)
   defining Unicode char U+012E (decimal 302)
   defining Unicode char U+012F (decimal 303)
   defining Unicode char U+0130 (decimal 304)
   defining Unicode char U+0131 (decimal 305)
   defining Unicode char U+0132 (decimal 306)
   defining Unicode char U+0133 (decimal 307)
   defining Unicode char U+0134 (decimal 308)
   defining Unicode char U+0135 (decimal 309)
   defining Unicode char U+0136 (decimal 310)
   defining Unicode char U+0137 (decimal 311)
   defining Unicode char U+0139 (decimal 313)
   defining Unicode char U+013A (decimal 314)
   defining Unicode char U+013B (decimal 315)
   defining Unicode char U+013C (decimal 316)
   defining Unicode char U+013D (decimal 317)
   defining Unicode char U+013E (decimal 318)
   defining Unicode char U+0141 (decimal 321)
   defining Unicode char U+0142 (decimal 322)
   defining Unicode char U+0143 (decimal 323)
   defining Unicode char U+0144 (decimal 324)
   defining Unicode char U+0145 (decimal 325)
   defining Unicode char U+0146 (decimal 326)
   defining Unicode char U+0147 (decimal 327)
   defining Unicode char U+0148 (decimal 328)
   defining Unicode char U+014A (decimal 330)
   defining Unicode char U+014B (decimal 331)
   defining Unicode char U+014C (decimal 332)
   defining Unicode char U+014D (decimal 333)
   defining Unicode char U+014E (decimal 334)
   defining Unicode char U+014F (decimal 335)
   defining Unicode char U+0150 (decimal 336)
   defining Unicode char U+0151 (decimal 337)
   defining Unicode char U+0152 (decimal 338)
   defining Unicode char U+0153 (decimal 339)
   defining Unicode char U+0154 (decimal 340)
   defining Unicode char U+0155 (decimal 341)
   defining Unicode char U+0156 (decimal 342)
   defining Unicode char U+0157 (decimal 343)
   defining Unicode char U+0158 (decimal 344)
   defining Unicode char U+0159 (decimal 345)
   defining Unicode char U+015A (decimal 346)
   defining Unicode char U+015B (decimal 347)
   defining Unicode char U+015C (decimal 348)
   defining Unicode char U+015D (decimal 349)
   defining Unicode char U+015E (decimal 350)
   defining Unicode char U+015F (decimal 351)
   defining Unicode char U+0160 (decimal 352)
   defining Unicode char U+0161 (decimal 353)
   defining Unicode char U+0162 (decimal 354)
   defining Unicode char U+0163 (decimal 355)
   defining Unicode char U+0164 (decimal 356)
   defining Unicode char U+0165 (decimal 357)
   defining Unicode char U+0168 (decimal 360)
   defining Unicode char U+0169 (decimal 361)
   defining Unicode char U+016A (decimal 362)
   defining Unicode char U+016B (decimal 363)
   defining Unicode char U+016C (decimal 364)
   defining Unicode char U+016D (decimal 365)
   defining Unicode char U+016E (decimal 366)
   defining Unicode char U+016F (decimal 367)
   defining Unicode char U+0170 (decimal 368)
   defining Unicode char U+0171 (decimal 369)
   defining Unicode char U+0172 (decimal 370)
   defining Unicode char U+0173 (decimal 371)
   defining Unicode char U+0174 (decimal 372)
   defining Unicode char U+0175 (decimal 373)
   defining Unicode char U+0176 (decimal 374)
   defining Unicode char U+0177 (decimal 375)
   defining Unicode char U+0178 (decimal 376)
   defining Unicode char U+0179 (decimal 377)
   defining Unicode char U+017A (decimal 378)
   defining Unicode char U+017B (decimal 379)
   defining Unicode char U+017C (decimal 380)
   defining Unicode char U+017D (decimal 381)
   defining Unicode char U+017E (decimal 382)
   defining Unicode char U+01CD (decimal 461)
   defining Unicode char U+01CE (decimal 462)
   defining Unicode char U+01CF (decimal 463)
   defining Unicode char U+01D0 (decimal 464)
   defining Unicode char U+01D1 (decimal 465)
   defining Unicode char U+01D2 (decimal 466)
   defining Unicode char U+01D3 (decimal 467)
   defining Unicode char U+01D4 (decimal 468)
   defining Unicode char U+01E2 (decimal 482)
   defining Unicode char U+01E3 (decimal 483)
   defining Unicode char U+01E6 (decimal 486)
   defining Unicode char U+01E7 (decimal 487)
   defining Unicode char U+01E8 (decimal 488)
   defining Unicode char U+01E9 (decimal 489)
   defining Unicode char U+01EA (decimal 490)
   defining Unicode char U+01EB (decimal 491)
   defining Unicode char U+01F0 (decimal 496)
   defining Unicode char U+01F4 (decimal 500)
   defining Unicode char U+01F5 (decimal 501)
   defining Unicode char U+0218 (decimal 536)
   defining Unicode char U+0219 (decimal 537)
   defining Unicode char U+021A (decimal 538)
   defining Unicode char U+021B (decimal 539)
   defining Unicode char U+0232 (decimal 562)
   defining Unicode char U+0233 (decimal 563)
   defining Unicode char U+1E02 (decimal 7682)
   defining Unicode char U+1E03 (decimal 7683)
   defining Unicode char U+200C (decimal 8204)
   defining Unicode char U+2010 (decimal 8208)
   defining Unicode char U+2011 (decimal 8209)
   defining Unicode char U+2012 (decimal 8210)
   defining Unicode char U+2013 (decimal 8211)
   defining Unicode char U+2014 (decimal 8212)
   defining Unicode char U+2015 (decimal 8213)
   defining Unicode char U+2018 (decimal 8216)
   defining Unicode char U+2019 (decimal 8217)
   defining Unicode char U+201A (decimal 8218)
   defining Unicode char U+201C (decimal 8220)
   defining Unicode char U+201D (decimal 8221)
   defining Unicode char U+201E (decimal 8222)
   defining Unicode char U+2030 (decimal 8240)
   defining Unicode char U+2031 (decimal 8241)
   defining Unicode char U+2039 (decimal 8249)
   defining Unicode char U+203A (decimal 8250)
   defining Unicode char U+2423 (decimal 9251)
   defining Unicode char U+1E20 (decimal 7712)
   defining Unicode char U+1E21 (decimal 7713)
)
Now handling font encoding OT1 ...
... processing UTF-8 mapping file for font encoding OT1

(/usr/local/texlive/2017/texmf-dist/tex/latex/base/ot1enc.dfu
File: ot1enc.dfu 2017/01/28 v1.1t UTF-8 support for inputenc
   defining Unicode char U+00A0 (decimal 160)
   defining Unicode char U+00A1 (decimal 161)
   defining Unicode char U+00A3 (decimal 163)
   defining Unicode char U+00AD (decimal 173)
   defining Unicode char U+00B8 (decimal 184)
   defining Unicode char U+00BF (decimal 191)
   defining Unicode char U+00C5 (decimal 197)
   defining Unicode char U+00C6 (decimal 198)
   defining Unicode char U+00D8 (decimal 216)
   defining Unicode char U+00DF (decimal 223)
   defining Unicode char U+00E6 (decimal 230)
   defining Unicode char U+00EC (decimal 236)
   defining Unicode char U+00ED (decimal 237)
   defining Unicode char U+00EE (decimal 238)
   defining Unicode char U+00EF (decimal 239)
   defining Unicode char U+00F8 (decimal 248)
   defining Unicode char U+0131 (decimal 305)
   defining Unicode char U+0141 (decimal 321)
   defining Unicode char U+0142 (decimal 322)
   defining Unicode char U+0152 (decimal 338)
   defining Unicode char U+0153 (decimal 339)
   defining Unicode char U+0174 (decimal 372)
   defining Unicode char U+0175 (decimal 373)
   defining Unicode char U+0176 (decimal 374)
   defining Unicode char U+0177 (decimal 375)
   defining Unicode char U+0218 (decimal 536)
   defining Unicode char U+0219 (decimal 537)
   defining Unicode char U+021A (decimal 538)
   defining Unicode char U+021B (decimal 539)
   defining Unicode char U+2013 (decimal 8211)
   defining Unicode char U+2014 (decimal 8212)
   defining Unicode char U+2018 (decimal 8216)
   defining Unicode char U+2019 (decimal 8217)
   defining Unicode char U+201C (decimal 8220)
   defining Unicode char U+201D (decimal 8221)
)
Now handling font encoding OMS ...
... processing UTF-8 mapping file for font encoding OMS

(/usr/local/texlive/2017/texmf-dist/tex/latex/base/omsenc.dfu
File: omsenc.dfu 2017/01/28 v1.1t UTF-8 support for inputenc
   defining Unicode char U+00A7 (decimal 167)
   defining Unicode char U+00B6 (decimal 182)
   defining Unicode char U+00B7 (decimal 183)
   defining Unicode char U+2020 (decimal 8224)
   defining Unicode char U+2021 (decimal 8225)
   defining Unicode char U+2022 (decimal 8226)
)
Now handling font encoding OMX ...
... no UTF-8 mapping file for font encoding OMX
Now handling font encoding U ...
... no UTF-8 mapping file for font encoding U
   defining Unicode char U+00A9 (decimal 169)
   defining Unicode char U+00AA (decimal 170)
   defining Unicode char U+00AE (decimal 174)
   defining Unicode char U+00BA (decimal 186)
   defining Unicode char U+02C6 (decimal 710)
   defining Unicode char U+02DC (decimal 732)
   defining Unicode char U+200C (decimal 8204)
   defining Unicode char U+2026 (decimal 8230)
   defining Unicode char U+2122 (decimal 8482)
   defining Unicode char U+2423 (decimal 9251)
))
   defining Unicode char U+00A0 (decimal 160)
   defining Unicode char U+2500 (decimal 9472)
   defining Unicode char U+2502 (decimal 9474)
   defining Unicode char U+2514 (decimal 9492)
   defining Unicode char U+251C (decimal 9500)
   defining Unicode char U+2572 (decimal 9586)

(/usr/local/texlive/2017/texmf-dist/tex/latex/cmap/cmap.sty
Package: cmap 2008/03/06 v1.0h CMap support: searchable PDF
)
(/usr/local/texlive/2017/texmf-dist/tex/latex/base/fontenc.sty
Package: fontenc 2017/04/05 v2.0i Standard LaTeX package

(/usr/local/texlive/2017/texmf-dist/tex/latex/base/t1enc.def
File: t1enc.def 2017/04/05 v2.0i Standard LaTeX file
LaTeX Font Info:    Redeclaring font encoding T1 on input line 48.
)<<t1.cmap>>)
(/usr/local/texlive/2017/texmf-dist/tex/latex/amsmath/amsmath.sty
Package: amsmath 2017/09/02 v2.17a AMS math features
\@mathmargin=\skip43

For additional information on amsmath, use the `?' option.
(/usr/local/texlive/2017/texmf-dist/tex/latex/amsmath/amstext.sty
Package: amstext 2000/06/29 v2.01 AMS text

(/usr/local/texlive/2017/texmf-dist/tex/latex/amsmath/amsgen.sty
File: amsgen.sty 1999/11/30 v2.0 generic functions
\@emptytoks=\toks16
\ex@=\dimen103
))
(/usr/local/texlive/2017/texmf-dist/tex/latex/amsmath/amsbsy.sty
Package: amsbsy 1999/11/29 v1.2d Bold Symbols
\pmbraise@=\dimen104
)
(/usr/local/texlive/2017/texmf-dist/tex/latex/amsmath/amsopn.sty
Package: amsopn 2016/03/08 v2.02 operator names
)
\inf@bad=\count88
LaTeX Info: Redefining \frac on input line 213.
\uproot@=\count89
\leftroot@=\count90
LaTeX Info: Redefining \overline on input line 375.
\classnum@=\count91
\DOTSCASE@=\count92
LaTeX Info: Redefining \ldots on input line 472.
LaTeX Info: Redefining \dots on input line 475.
LaTeX Info: Redefining \cdots on input line 596.
\Mathstrutbox@=\box26
\strutbox@=\box27
\big@size=\dimen105
LaTeX Font Info:    Redeclaring font encoding OML on input line 712.
LaTeX Font Info:    Redeclaring font encoding OMS on input line 713.
\macc@depth=\count93
\c@MaxMatrixCols=\count94
\dotsspace@=\muskip10
\c@parentequation=\count95
\dspbrk@lvl=\count96
\tag@help=\toks17
\row@=\count97
\column@=\count98
\maxfields@=\count99
\andhelp@=\toks18
\eqnshift@=\dimen106
\alignsep@=\dimen107
\tagshift@=\dimen108
\tagwidth@=\dimen109
\totwidth@=\dimen110
\lineht@=\dimen111
\@envbody=\toks19
\multlinegap=\skip44
\multlinetaggap=\skip45
\mathdisplay@stack=\toks20
LaTeX Info: Redefining \[ on input line 2817.
LaTeX Info: Redefining \] on input line 2818.
)
(/usr/local/texlive/2017/texmf-dist/tex/latex/amsfonts/amssymb.sty
Package: amssymb 2013/01/14 v3.01 AMS font symbols

(/usr/local/texlive/2017/texmf-dist/tex/latex/amsfonts/amsfonts.sty
Package: amsfonts 2013/01/14 v3.01 Basic AMSFonts support
\symAMSa=\mathgroup4
\symAMSb=\mathgroup5
LaTeX Font Info:    Overwriting math alphabet `\mathfrak' in version `bold'
(Font)                  U/euf/m/n --> U/euf/b/n on input line 106.
))
(/usr/local/texlive/2017/texmf-dist/tex/generic/babel/babel.sty
Package: babel 2018/01/24 3.17 The Babel package

(/usr/local/texlive/2017/texmf-dist/tex/generic/babel/switch.def
File: switch.def 2018/01/24 3.17 Babel switching mechanism
)
(/usr/local/texlive/2017/texmf-dist/tex/generic/babel-english/english.ldf
Language: english 2017/06/06 v3.3r English support from the babel system

(/usr/local/texlive/2017/texmf-dist/tex/generic/babel/babel.def
File: babel.def 2018/01/24 3.17 Babel common definitions

(/usr/local/texlive/2017/texmf-dist/tex/generic/babel/switch.def
File: switch.def 2018/01/24 3.17 Babel switching mechanism
)
\babel@savecnt=\count100
\U@D=\dimen112

(/usr/local/texlive/2017/texmf-dist/tex/generic/babel/txtbabel.def)
\bbl@dirlevel=\count101
)
\l@canadian = a dialect from \language\l@american 
\l@australian = a dialect from \language\l@british 
\l@newzealand = a dialect from \language\l@british 
))
(/usr/local/texlive/2017/texmf-dist/tex/latex/psnfss/times.sty
Package: times 2005/04/12 PSNFSS-v9.2a (SPQR) 
)
(/usr/local/texlive/2017/texmf-dist/tex/latex/fncychap/fncychap.sty
Package: fncychap 2007/07/30 v1.34 LaTeX package (Revised chapters)
\RW=\skip46
\mylen=\skip47
\myhi=\skip48
\px=\skip49
\py=\skip50
\pyy=\skip51
\pxx=\skip52
\c@AlphaCnt=\count102
\c@AlphaDecCnt=\count103
)
(./sphinx.sty
Package: sphinx 2017/12/12 v1.6.6 LaTeX package (Sphinx markup)

(/usr/local/texlive/2017/texmf-dist/tex/generic/oberdiek/ltxcmds.sty
Package: ltxcmds 2016/05/16 v1.23 LaTeX kernel commands for general use (HO)
)
(/usr/local/texlive/2017/texmf-dist/tex/latex/graphics/graphicx.sty
Package: graphicx 2017/06/01 v1.1a Enhanced LaTeX Graphics (DPC,SPQR)

(/usr/local/texlive/2017/texmf-dist/tex/latex/graphics/keyval.sty
Package: keyval 2014/10/28 v1.15 key=value parser (DPC)
\KV@toks@=\toks21
)
(/usr/local/texlive/2017/texmf-dist/tex/latex/graphics/graphics.sty
Package: graphics 2017/06/25 v1.2c Standard LaTeX Graphics (DPC,SPQR)

(/usr/local/texlive/2017/texmf-dist/tex/latex/graphics/trig.sty
Package: trig 2016/01/03 v1.10 sin cos tan (DPC)
)
(/usr/local/texlive/2017/texmf-dist/tex/latex/graphics-cfg/graphics.cfg
File: graphics.cfg 2016/06/04 v1.11 sample graphics configuration
)
Package graphics Info: Driver file: pdftex.def on input line 99.

(/usr/local/texlive/2017/texmf-dist/tex/latex/graphics-def/pdftex.def
File: pdftex.def 2018/01/08 v1.0l Graphics/color driver for pdftex
))
\Gin@req@height=\dimen113
\Gin@req@width=\dimen114
)
(/usr/local/texlive/2017/texmf-dist/tex/latex/fancyhdr/fancyhdr.sty
Package: fancyhdr 2017/06/30 v3.9a Extensive control of page headers and footer
s
\f@nch@headwidth=\skip53
\f@nch@O@elh=\skip54
\f@nch@O@erh=\skip55
\f@nch@O@olh=\skip56
\f@nch@O@orh=\skip57
\f@nch@O@elf=\skip58
\f@nch@O@erf=\skip59
\f@nch@O@olf=\skip60
\f@nch@O@orf=\skip61
)
(/usr/local/texlive/2017/texmf-dist/tex/latex/base/textcomp.sty
Package: textcomp 2017/04/05 v2.0i Standard LaTeX package
Package textcomp Info: Sub-encoding information:
(textcomp)               5 = only ISO-Adobe without \textcurrency
(textcomp)               4 = 5 + \texteuro
(textcomp)               3 = 4 + \textohm
(textcomp)               2 = 3 + \textestimated + \textcurrency
(textcomp)               1 = TS1 - \textcircled - \t
(textcomp)               0 = TS1 (full)
(textcomp)             Font families with sub-encoding setting implement
(textcomp)             only a restricted character set as indicated.
(textcomp)             Family '?' is the default used for unknown fonts.
(textcomp)             See the documentation for details.
Package textcomp Info: Setting ? sub-encoding to TS1/1 on input line 79.

(/usr/local/texlive/2017/texmf-dist/tex/latex/base/ts1enc.def
File: ts1enc.def 2001/06/05 v3.0e (jk/car/fm) Standard LaTeX file
Now handling font encoding TS1 ...
... processing UTF-8 mapping file for font encoding TS1

(/usr/local/texlive/2017/texmf-dist/tex/latex/base/ts1enc.dfu
File: ts1enc.dfu 2017/01/28 v1.1t UTF-8 support for inputenc
   defining Unicode char U+00A2 (decimal 162)
   defining Unicode char U+00A3 (decimal 163)
   defining Unicode char U+00A4 (decimal 164)
   defining Unicode char U+00A5 (decimal 165)
   defining Unicode char U+00A6 (decimal 166)
   defining Unicode char U+00A7 (decimal 167)
   defining Unicode char U+00A8 (decimal 168)
   defining Unicode char U+00A9 (decimal 169)
   defining Unicode char U+00AA (decimal 170)
   defining Unicode char U+00AC (decimal 172)
   defining Unicode char U+00AE (decimal 174)
   defining Unicode char U+00AF (decimal 175)
   defining Unicode char U+00B0 (decimal 176)
   defining Unicode char U+00B1 (decimal 177)
   defining Unicode char U+00B2 (decimal 178)
   defining Unicode char U+00B3 (decimal 179)
   defining Unicode char U+00B4 (decimal 180)
   defining Unicode char U+00B5 (decimal 181)
   defining Unicode char U+00B6 (decimal 182)
   defining Unicode char U+00B7 (decimal 183)
   defining Unicode char U+00B9 (decimal 185)
   defining Unicode char U+00BA (decimal 186)
   defining Unicode char U+00BC (decimal 188)
   defining Unicode char U+00BD (decimal 189)
   defining Unicode char U+00BE (decimal 190)
   defining Unicode char U+00D7 (decimal 215)
   defining Unicode char U+00F7 (decimal 247)
   defining Unicode char U+0192 (decimal 402)
   defining Unicode char U+02C7 (decimal 711)
   defining Unicode char U+02D8 (decimal 728)
   defining Unicode char U+02DD (decimal 733)
   defining Unicode char U+0E3F (decimal 3647)
   defining Unicode char U+2016 (decimal 8214)
   defining Unicode char U+2020 (decimal 8224)
   defining Unicode char U+2021 (decimal 8225)
   defining Unicode char U+2022 (decimal 8226)
   defining Unicode char U+2030 (decimal 8240)
   defining Unicode char U+2031 (decimal 8241)
   defining Unicode char U+203B (decimal 8251)
   defining Unicode char U+203D (decimal 8253)
   defining Unicode char U+2044 (decimal 8260)
   defining Unicode char U+204E (decimal 8270)
   defining Unicode char U+2052 (decimal 8274)
   defining Unicode char U+20A1 (decimal 8353)
   defining Unicode char U+20A4 (decimal 8356)
   defining Unicode char U+20A6 (decimal 8358)
   defining Unicode char U+20A9 (decimal 8361)
   defining Unicode char U+20AB (decimal 8363)
   defining Unicode char U+20AC (decimal 8364)
   defining Unicode char U+20B1 (decimal 8369)
   defining Unicode char U+2103 (decimal 8451)
   defining Unicode char U+2116 (decimal 8470)
   defining Unicode char U+2117 (decimal 8471)
   defining Unicode char U+211E (decimal 8478)
   defining Unicode char U+2120 (decimal 8480)
   defining Unicode char U+2122 (decimal 8482)
   defining Unicode char U+2126 (decimal 8486)
   defining Unicode char U+2127 (decimal 8487)
   defining Unicode char U+212E (decimal 8494)
   defining Unicode char U+2190 (decimal 8592)
   defining Unicode char U+2191 (decimal 8593)
   defining Unicode char U+2192 (decimal 8594)
   defining Unicode char U+2193 (decimal 8595)
   defining Unicode char U+2329 (decimal 9001)
   defining Unicode char U+232A (decimal 9002)
   defining Unicode char U+2422 (decimal 9250)
   defining Unicode char U+25E6 (decimal 9702)
   defining Unicode char U+25EF (decimal 9711)
   defining Unicode char U+266A (decimal 9834)
))
LaTeX Info: Redefining \oldstylenums on input line 334.
Package textcomp Info: Setting cmr sub-encoding to TS1/0 on input line 349.
Package textcomp Info: Setting cmss sub-encoding to TS1/0 on input line 350.
Package textcomp Info: Setting cmtt sub-encoding to TS1/0 on input line 351.
Package textcomp Info: Setting cmvtt sub-encoding to TS1/0 on input line 352.
Package textcomp Info: Setting cmbr sub-encoding to TS1/0 on input line 353.
Package textcomp Info: Setting cmtl sub-encoding to TS1/0 on input line 354.
Package textcomp Info: Setting ccr sub-encoding to TS1/0 on input line 355.
Package textcomp Info: Setting ptm sub-encoding to TS1/4 on input line 356.
Package textcomp Info: Setting pcr sub-encoding to TS1/4 on input line 357.
Package textcomp Info: Setting phv sub-encoding to TS1/4 on input line 358.
Package textcomp Info: Setting ppl sub-encoding to TS1/3 on input line 359.
Package textcomp Info: Setting pag sub-encoding to TS1/4 on input line 360.
Package textcomp Info: Setting pbk sub-encoding to TS1/4 on input line 361.
Package textcomp Info: Setting pnc sub-encoding to TS1/4 on input line 362.
Package textcomp Info: Setting pzc sub-encoding to TS1/4 on input line 363.
Package textcomp Info: Setting bch sub-encoding to TS1/4 on input line 364.
Package textcomp Info: Setting put sub-encoding to TS1/5 on input line 365.
Package textcomp Info: Setting uag sub-encoding to TS1/5 on input line 366.
Package textcomp Info: Setting ugq sub-encoding to TS1/5 on input line 367.
Package textcomp Info: Setting ul8 sub-encoding to TS1/4 on input line 368.
Package textcomp Info: Setting ul9 sub-encoding to TS1/4 on input line 369.
Package textcomp Info: Setting augie sub-encoding to TS1/5 on input line 370.
Package textcomp Info: Setting dayrom sub-encoding to TS1/3 on input line 371.
Package textcomp Info: Setting dayroms sub-encoding to TS1/3 on input line 372.

Package textcomp Info: Setting pxr sub-encoding to TS1/0 on input line 373.
Package textcomp Info: Setting pxss sub-encoding to TS1/0 on input line 374.
Package textcomp Info: Setting pxtt sub-encoding to TS1/0 on input line 375.
Package textcomp Info: Setting txr sub-encoding to TS1/0 on input line 376.
Package textcomp Info: Setting txss sub-encoding to TS1/0 on input line 377.
Package textcomp Info: Setting txtt sub-encoding to TS1/0 on input line 378.
Package textcomp Info: Setting lmr sub-encoding to TS1/0 on input line 379.
Package textcomp Info: Setting lmdh sub-encoding to TS1/0 on input line 380.
Package textcomp Info: Setting lmss sub-encoding to TS1/0 on input line 381.
Package textcomp Info: Setting lmssq sub-encoding to TS1/0 on input line 382.
Package textcomp Info: Setting lmvtt sub-encoding to TS1/0 on input line 383.
Package textcomp Info: Setting lmtt sub-encoding to TS1/0 on input line 384.
Package textcomp Info: Setting qhv sub-encoding to TS1/0 on input line 385.
Package textcomp Info: Setting qag sub-encoding to TS1/0 on input line 386.
Package textcomp Info: Setting qbk sub-encoding to TS1/0 on input line 387.
Package textcomp Info: Setting qcr sub-encoding to TS1/0 on input line 388.
Package textcomp Info: Setting qcs sub-encoding to TS1/0 on input line 389.
Package textcomp Info: Setting qpl sub-encoding to TS1/0 on input line 390.
Package textcomp Info: Setting qtm sub-encoding to TS1/0 on input line 391.
Package textcomp Info: Setting qzc sub-encoding to TS1/0 on input line 392.
Package textcomp Info: Setting qhvc sub-encoding to TS1/0 on input line 393.
Package textcomp Info: Setting futs sub-encoding to TS1/4 on input line 394.
Package textcomp Info: Setting futx sub-encoding to TS1/4 on input line 395.
Package textcomp Info: Setting futj sub-encoding to TS1/4 on input line 396.
Package textcomp Info: Setting hlh sub-encoding to TS1/3 on input line 397.
Package textcomp Info: Setting hls sub-encoding to TS1/3 on input line 398.
Package textcomp Info: Setting hlst sub-encoding to TS1/3 on input line 399.
Package textcomp Info: Setting hlct sub-encoding to TS1/5 on input line 400.
Package textcomp Info: Setting hlx sub-encoding to TS1/5 on input line 401.
Package textcomp Info: Setting hlce sub-encoding to TS1/5 on input line 402.
Package textcomp Info: Setting hlcn sub-encoding to TS1/5 on input line 403.
Package textcomp Info: Setting hlcw sub-encoding to TS1/5 on input line 404.
Package textcomp Info: Setting hlcf sub-encoding to TS1/5 on input line 405.
Package textcomp Info: Setting pplx sub-encoding to TS1/3 on input line 406.
Package textcomp Info: Setting pplj sub-encoding to TS1/3 on input line 407.
Package textcomp Info: Setting ptmx sub-encoding to TS1/4 on input line 408.
Package textcomp Info: Setting ptmj sub-encoding to TS1/4 on input line 409.
)
(/usr/local/texlive/2017/texmf-dist/tex/latex/titlesec/titlesec.sty
Package: titlesec 2016/03/21 v2.10.2 Sectioning titles
\ttl@box=\box28
\beforetitleunit=\skip62
\aftertitleunit=\skip63
\ttl@plus=\dimen115
\ttl@minus=\dimen116
\ttl@toksa=\toks22
\titlewidth=\dimen117
\titlewidthlast=\dimen118
\titlewidthfirst=\dimen119
)
(/usr/local/texlive/2017/texmf-dist/tex/latex/tabulary/tabulary.sty
Package: tabulary 2014/06/11 v0.10 tabulary package (DPC)

(/usr/local/texlive/2017/texmf-dist/tex/latex/tools/array.sty
Package: array 2016/10/06 v2.4d Tabular extension package (FMi)
\col@sep=\dimen120
\extrarowheight=\dimen121
\NC@list=\toks23
\extratabsurround=\skip64
\backup@length=\skip65
)
\TY@count=\count104
\TY@linewidth=\dimen122
\tymin=\dimen123
\tymax=\dimen124
\TY@tablewidth=\dimen125
)
(/usr/local/texlive/2017/texmf-dist/tex/latex/tools/longtable.sty
Package: longtable 2014/10/28 v4.11 Multi-page Table package (DPC)
\LTleft=\skip66
\LTright=\skip67
\LTpre=\skip68
\LTpost=\skip69
\LTchunksize=\count105
\LTcapwidth=\dimen126
\LT@head=\box29
\LT@firsthead=\box30
\LT@foot=\box31
\LT@lastfoot=\box32
\LT@cols=\count106
\LT@rows=\count107
\c@LT@tables=\count108
\c@LT@chunks=\count109
\LT@p@ftn=\toks24
)
(/usr/local/texlive/2017/texmf-dist/tex/latex/varwidth/varwidth.sty
Package: varwidth 2009/03/30 ver 0.92;  Variable-width minipages
\@vwid@box=\box33
\sift@deathcycles=\count110
\@vwid@loff=\dimen127
\@vwid@roff=\dimen128
)
(./sphinxmulticell.sty
Package: sphinxmulticell 2017/02/23 v1.6 better span rows and columns of a tabl
e (Sphinx team)
\sphinx@TY@tablewidth=\dimen129
)
(/usr/local/texlive/2017/texmf-dist/tex/latex/base/makeidx.sty
Package: makeidx 2014/09/29 v1.0m Standard LaTeX package
)
(/usr/local/texlive/2017/texmf-dist/tex/latex/framed/framed.sty
Package: framed 2011/10/22 v 0.96: framed or shaded text with page breaks
\OuterFrameSep=\skip70
\fb@frw=\dimen130
\fb@frh=\dimen131
\FrameRule=\dimen132
\FrameSep=\dimen133
)
(/usr/local/texlive/2017/texmf-dist/tex/latex/xcolor/xcolor.sty
Package: xcolor 2016/05/11 v2.12 LaTeX color extensions (UK)

(/usr/local/texlive/2017/texmf-dist/tex/latex/graphics-cfg/color.cfg
File: color.cfg 2016/01/02 v1.6 sample color configuration
)
Package xcolor Info: Driver file: pdftex.def on input line 225.
Package xcolor Info: Model `cmy' substituted by `cmy0' on input line 1348.
Package xcolor Info: Model `hsb' substituted by `rgb' on input line 1352.
Package xcolor Info: Model `RGB' extended on input line 1364.
Package xcolor Info: Model `HTML' substituted by `rgb' on input line 1366.
Package xcolor Info: Model `Hsb' substituted by `hsb' on input line 1367.
Package xcolor Info: Model `tHsb' substituted by `hsb' on input line 1368.
Package xcolor Info: Model `HSB' substituted by `hsb' on input line 1369.
Package xcolor Info: Model `Gray' substituted by `gray' on input line 1370.
Package xcolor Info: Model `wave' substituted by `hsb' on input line 1371.
)
(/usr/local/texlive/2017/texmf-dist/tex/latex/fancyvrb/fancyvrb.sty
Package: fancyvrb 2008/02/07

Style option: `fancyvrb' v2.7a, with DG/SPQR fixes, and firstline=lastline fix 
<2008/02/07> (tvz)
\FV@CodeLineNo=\count111
\FV@InFile=\read1
\FV@TabBox=\box34
\c@FancyVerbLine=\count112
\FV@StepNumber=\count113
\FV@OutFile=\write3
) (./footnotehyper-sphinx.sty
Package: footnotehyper-sphinx 2017/03/07 v1.6 hyperref aware footnote.sty for s
phinx (JFB)
\FNH@notes=\box35
\FNH@width=\dimen134
)
(/usr/local/texlive/2017/texmf-dist/tex/latex/float/float.sty
Package: float 2001/11/08 v1.3d Float enhancements (AL)
\c@float@type=\count114
\float@exts=\toks25
\float@box=\box36
\@float@everytoks=\toks26
\@floatcapt=\box37
)
(/usr/local/texlive/2017/texmf-dist/tex/latex/wrapfig/wrapfig.sty
\wrapoverhang=\dimen135
\WF@size=\dimen136
\c@WF@wrappedlines=\count115
\WF@box=\box38
\WF@everypar=\toks27
Package: wrapfig 2003/01/31  v 3.6
)
(/usr/local/texlive/2017/texmf-dist/tex/latex/parskip/parskip.sty
Package: parskip 2001/04/09 non-zero parskip adjustments
)
(/usr/local/texlive/2017/texmf-dist/tex/latex/base/alltt.sty
Package: alltt 1997/06/16 v2.0g defines alltt environment
)
(/usr/local/texlive/2017/texmf-dist/tex/latex/upquote/upquote.sty
Package: upquote 2012/04/19 v1.3 upright-quote and grave-accent glyphs in verba
tim
)
(/usr/local/texlive/2017/texmf-dist/tex/latex/capt-of/capt-of.sty
Package: capt-of 2009/12/29 v0.2 standard captions outside of floats
)
(/usr/local/texlive/2017/texmf-dist/tex/latex/needspace/needspace.sty
Package: needspace 2010/09/12 v1.3d reserve vertical space
)
(./sphinxhighlight.sty
Package: sphinxhighlight 2016/05/29 stylesheet for highlighting with pygments
)
(/usr/local/texlive/2017/texmf-dist/tex/latex/oberdiek/kvoptions.sty
Package: kvoptions 2016/05/16 v3.12 Key value format for package options (HO)

(/usr/local/texlive/2017/texmf-dist/tex/generic/oberdiek/kvsetkeys.sty
Package: kvsetkeys 2016/05/16 v1.17 Key value parser (HO)

(/usr/local/texlive/2017/texmf-dist/tex/generic/oberdiek/infwarerr.sty
Package: infwarerr 2016/05/16 v1.4 Providing info/warning/error messages (HO)
)
(/usr/local/texlive/2017/texmf-dist/tex/generic/oberdiek/etexcmds.sty
Package: etexcmds 2016/05/16 v1.6 Avoid name clashes with e-TeX commands (HO)

(/usr/local/texlive/2017/texmf-dist/tex/generic/oberdiek/ifluatex.sty
Package: ifluatex 2016/05/16 v1.4 Provides the ifluatex switch (HO)
Package ifluatex Info: LuaTeX not detected.
)
Package etexcmds Info: Could not find \expanded.
(etexcmds)             That can mean that you are not using pdfTeX 1.50 or
(etexcmds)             that some package has redefined \expanded.
(etexcmds)             In the latter case, load this package earlier.
)))
\sphinxverbatimsep=\dimen137
\sphinxverbatimborder=\dimen138
\sphinxshadowsep=\dimen139
\sphinxshadowsize=\dimen140
\sphinxshadowrule=\dimen141
\spx@notice@border=\dimen142
\spx@image@box=\box39
\c@literalblock=\count116
\spx@Verbatim@TitleBox=\box40
\sphinxcontinuationbox=\box41
\sphinxvisiblespacebox=\box42
\py@argswidth=\skip71
\lineblockindentation=\skip72
\DUlineblockindent=\skip73
)
(/usr/local/texlive/2017/texmf-dist/tex/latex/geometry/geometry.sty
Package: geometry 2010/09/12 v5.6 Page Geometry

(/usr/local/texlive/2017/texmf-dist/tex/generic/oberdiek/ifpdf.sty
Package: ifpdf 2017/03/15 v3.2 Provides the ifpdf switch
)
(/usr/local/texlive/2017/texmf-dist/tex/generic/oberdiek/ifvtex.sty
Package: ifvtex 2016/05/16 v1.6 Detect VTeX and its facilities (HO)
Package ifvtex Info: VTeX not detected.
)
(/usr/local/texlive/2017/texmf-dist/tex/generic/ifxetex/ifxetex.sty
Package: ifxetex 2010/09/12 v0.6 Provides ifxetex conditional
)
\Gm@cnth=\count117
\Gm@cntv=\count118
\c@Gm@tempcnt=\count119
\Gm@bindingoffset=\dimen143
\Gm@wd@mp=\dimen144
\Gm@odd@mp=\dimen145
\Gm@even@mp=\dimen146
\Gm@layoutwidth=\dimen147
\Gm@layoutheight=\dimen148
\Gm@layouthoffset=\dimen149
\Gm@layoutvoffset=\dimen150
\Gm@dimlist=\toks28
)
(/usr/local/texlive/2017/texmf-dist/tex/latex/hyperref/hyperref.sty
Package: hyperref 2018/02/06 v6.86b Hypertext links for LaTeX

(/usr/local/texlive/2017/texmf-dist/tex/generic/oberdiek/hobsub-hyperref.sty
Package: hobsub-hyperref 2016/05/16 v1.14 Bundle oberdiek, subset hyperref (HO)


(/usr/local/texlive/2017/texmf-dist/tex/generic/oberdiek/hobsub-generic.sty
Package: hobsub-generic 2016/05/16 v1.14 Bundle oberdiek, subset generic (HO)
Package: hobsub 2016/05/16 v1.14 Construct package bundles (HO)
Package hobsub Info: Skipping package `infwarerr' (already loaded).
Package hobsub Info: Skipping package `ltxcmds' (already loaded).
Package hobsub Info: Skipping package `ifluatex' (already loaded).
Package hobsub Info: Skipping package `ifvtex' (already loaded).
Package: intcalc 2016/05/16 v1.2 Expandable calculations with integers (HO)
Package hobsub Info: Skipping package `ifpdf' (already loaded).
Package hobsub Info: Skipping package `etexcmds' (already loaded).
Package hobsub Info: Skipping package `kvsetkeys' (already loaded).
Package: kvdefinekeys 2016/05/16 v1.4 Define keys (HO)
Package: pdftexcmds 2018/01/21 v0.26 Utility functions of pdfTeX for LuaTeX (HO
)
Package pdftexcmds Info: LuaTeX not detected.
Package pdftexcmds Info: \pdf@primitive is available.
Package pdftexcmds Info: \pdf@ifprimitive is available.
Package pdftexcmds Info: \pdfdraftmode found.
Package: pdfescape 2016/05/16 v1.14 Implements pdfTeX's escape features (HO)
Package: bigintcalc 2016/05/16 v1.4 Expandable calculations on big integers (HO
)
Package: bitset 2016/05/16 v1.2 Handle bit-vector datatype (HO)
Package: uniquecounter 2016/05/16 v1.3 Provide unlimited unique counter (HO)
)
Package hobsub Info: Skipping package `hobsub' (already loaded).
Package: letltxmacro 2016/05/16 v1.5 Let assignment for LaTeX macros (HO)
Package: hopatch 2016/05/16 v1.3 Wrapper for package hooks (HO)
Package: xcolor-patch 2016/05/16 xcolor patch
Package: atveryend 2016/05/16 v1.9 Hooks at the very end of document (HO)
Package atveryend Info: \enddocument detected (standard20110627).
Package: atbegshi 2016/06/09 v1.18 At begin shipout hook (HO)
Package: refcount 2016/05/16 v3.5 Data extraction from label references (HO)
Package: hycolor 2016/05/16 v1.8 Color options for hyperref/bookmark (HO)
)
(/usr/local/texlive/2017/texmf-dist/tex/latex/oberdiek/auxhook.sty
Package: auxhook 2016/05/16 v1.4 Hooks for auxiliary files (HO)
)
\@linkdim=\dimen151
\Hy@linkcounter=\count120
\Hy@pagecounter=\count121

(/usr/local/texlive/2017/texmf-dist/tex/latex/hyperref/pd1enc.def
File: pd1enc.def 2018/02/06 v6.86b Hyperref: PDFDocEncoding definition (HO)
Now handling font encoding PD1 ...
... no UTF-8 mapping file for font encoding PD1
)
\Hy@SavedSpaceFactor=\count122

(/usr/local/texlive/2017/texmf-dist/tex/latex/latexconfig/hyperref.cfg
File: hyperref.cfg 2002/06/06 v1.2 hyperref configuration of TeXLive
)
Package hyperref Info: Option `unicode' set `true' on input line 4383.

(/usr/local/texlive/2017/texmf-dist/tex/latex/hyperref/puenc.def
File: puenc.def 2018/02/06 v6.86b Hyperref: PDF Unicode definition (HO)
Now handling font encoding PU ...
... no UTF-8 mapping file for font encoding PU
)
Package hyperref Info: Option `colorlinks' set `true' on input line 4383.
Package hyperref Info: Option `breaklinks' set `true' on input line 4383.
Package hyperref Info: Hyper figures OFF on input line 4509.
Package hyperref Info: Link nesting OFF on input line 4514.
Package hyperref Info: Hyper index ON on input line 4517.
Package hyperref Info: Plain pages OFF on input line 4524.
Package hyperref Info: Backreferencing OFF on input line 4529.
Package hyperref Info: Implicit mode ON; LaTeX internals redefined.
Package hyperref Info: Bookmarks ON on input line 4762.
\c@Hy@tempcnt=\count123

(/usr/local/texlive/2017/texmf-dist/tex/latex/url/url.sty
\Urlmuskip=\muskip11
Package: url 2013/09/16  ver 3.4  Verb mode for urls, etc.
)
LaTeX Info: Redefining \url on input line 5115.
\XeTeXLinkMargin=\dimen152
\Fld@menulength=\count124
\Field@Width=\dimen153
\Fld@charsize=\dimen154
Package hyperref Info: Hyper figures OFF on input line 6369.
Package hyperref Info: Link nesting OFF on input line 6374.
Package hyperref Info: Hyper index ON on input line 6377.
Package hyperref Info: backreferencing OFF on input line 6384.
Package hyperref Info: Link coloring ON on input line 6387.
Package hyperref Info: Link coloring with OCG OFF on input line 6394.
Package hyperref Info: PDF/A mode OFF on input line 6399.
LaTeX Info: Redefining \ref on input line 6439.
LaTeX Info: Redefining \pageref on input line 6443.
\Hy@abspage=\count125
\c@Item=\count126
\c@Hfootnote=\count127
)
Package hyperref Info: Driver (autodetected): hpdftex.

(/usr/local/texlive/2017/texmf-dist/tex/latex/hyperref/hpdftex.def
File: hpdftex.def 2018/02/06 v6.86b Hyperref driver for pdfTeX
\Fld@listcount=\count128
\c@bookmark@seq@number=\count129

(/usr/local/texlive/2017/texmf-dist/tex/latex/oberdiek/rerunfilecheck.sty
Package: rerunfilecheck 2016/05/16 v1.8 Rerun checks for auxiliary files (HO)
Package uniquecounter Info: New unique counter `rerunfilecheck' on input line 2
82.
)
\Hy@SectionHShift=\skip74
)
(/usr/local/texlive/2017/texmf-dist/tex/latex/oberdiek/hypcap.sty
Package: hypcap 2016/05/16 v1.12 Adjusting the anchors of captions (HO)
)
(/usr/local/texlive/2017/texmf-dist/tex/latex/psnfss/charter.sty
Package: charter 2005/04/12 PSNFSS-v9.2a (P.Dyballa) 
)
(/usr/local/texlive/2017/texmf-dist/tex/latex/lato/lato.sty
Package: lato 2017/10/22 Style file for Lato.

(/usr/local/texlive/2017/texmf-dist/tex/latex/fontaxes/fontaxes.sty
Package: fontaxes 2014/03/23 v1.0d Font selection axes
LaTeX Info: Redefining \upshape on input line 29.
LaTeX Info: Redefining \itshape on input line 31.
LaTeX Info: Redefining \slshape on input line 33.
LaTeX Info: Redefining \scshape on input line 37.
)
(/usr/local/texlive/2017/texmf-dist/tex/latex/xkeyval/xkeyval.sty
Package: xkeyval 2014/12/03 v2.7a package option processing (HA)

(/usr/local/texlive/2017/texmf-dist/tex/generic/xkeyval/xkeyval.tex
(/usr/local/texlive/2017/texmf-dist/tex/generic/xkeyval/xkvutils.tex
\XKV@toks=\toks29
\XKV@tempa@toks=\toks30
)
\XKV@depth=\count130
File: xkeyval.tex 2014/12/03 v2.7a key=value parser (HA)
)))
(/usr/local/texlive/2017/texmf-dist/tex/latex/inconsolata/inconsolata.sty
Package: inconsolata 2017/01/04 v1.112

`inconsolata-zi4' v1.112, 2017/01/04 Text macros for Inconsolata (msharpe)
\zifour@ocount=\count131
)
\@indexfile=\write4
\openout4 = `ColourHDRI.idx'.


Writing index file ColourHDRI.idx
(./ColourHDRI.aux)
\openout1 = `ColourHDRI.aux'.

LaTeX Font Info:    Checking defaults for OML/cmm/m/it on input line 68.
LaTeX Font Info:    ... okay on input line 68.
LaTeX Font Info:    Checking defaults for T1/cmr/m/n on input line 68.
LaTeX Font Info:    ... okay on input line 68.
LaTeX Font Info:    Checking defaults for OT1/cmr/m/n on input line 68.
LaTeX Font Info:    ... okay on input line 68.
LaTeX Font Info:    Checking defaults for OMS/cmsy/m/n on input line 68.
LaTeX Font Info:    ... okay on input line 68.
LaTeX Font Info:    Checking defaults for OMX/cmex/m/n on input line 68.
LaTeX Font Info:    ... okay on input line 68.
LaTeX Font Info:    Checking defaults for U/cmr/m/n on input line 68.
LaTeX Font Info:    ... okay on input line 68.
LaTeX Font Info:    Checking defaults for TS1/cmr/m/n on input line 68.
LaTeX Font Info:    Try loading font information for TS1+cmr on input line 68.
 (/usr/local/texlive/2017/texmf-dist/tex/latex/base/ts1cmr.fd
File: ts1cmr.fd 2014/09/29 v2.5h Standard LaTeX font definitions
)
LaTeX Font Info:    ... okay on input line 68.
LaTeX Font Info:    Checking defaults for PD1/pdf/m/n on input line 68.
LaTeX Font Info:    ... okay on input line 68.
LaTeX Font Info:    Checking defaults for PU/pdf/m/n on input line 68.
LaTeX Font Info:    ... okay on input line 68.
LaTeX Font Info:    Try loading font information for T1+bch on input line 68.
 (/usr/local/texlive/2017/texmf-dist/tex/latex/psnfss/t1bch.fd
File: t1bch.fd 2004/10/18 font definitions for T1/bch.
)
(/usr/local/texlive/2017/texmf-dist/tex/context/base/mkii/supp-pdf.mkii
[Loading MPS to PDF converter (version 2006.09.02).]
\scratchcounter=\count132
\scratchdimen=\dimen155
\scratchbox=\box43
\nofMPsegments=\count133
\nofMParguments=\count134
\everyMPshowfont=\toks31
\MPscratchCnt=\count135
\MPscratchDim=\dimen156
\MPnumerator=\count136
\makeMPintoPDFobject=\count137
\everyMPtoPDFconversion=\toks32
) (/usr/local/texlive/2017/texmf-dist/tex/latex/oberdiek/epstopdf-base.sty
Package: epstopdf-base 2016/05/15 v2.6 Base part for package epstopdf

(/usr/local/texlive/2017/texmf-dist/tex/latex/oberdiek/grfext.sty
Package: grfext 2016/05/16 v1.2 Manage graphics extensions (HO)
)
Package epstopdf-base Info: Redefining graphics rule for `.eps' on input line 4
38.
Package grfext Info: Graphics extension search list:
(grfext)             [.pdf,.png,.jpg,.mps,.jpeg,.jbig2,.jb2,.PDF,.PNG,.JPG,.JPE
G,.JBIG2,.JB2,.eps]
(grfext)             \AppendGraphicsExtensions on input line 456.

(/usr/local/texlive/2017/texmf-dist/tex/latex/latexconfig/epstopdf-sys.cfg
File: epstopdf-sys.cfg 2010/07/13 v1.3 Configuration of (r)epstopdf for TeX Liv
e
))
*geometry* driver: auto-detecting
*geometry* detected driver: pdftex
*geometry* verbose mode - [ preamble ] result:
* driver: pdftex
* paper: letterpaper
* layout: <same size as paper>
* layoutoffset:(h,v)=(0.0pt,0.0pt)
* modes: twoside 
* h-part:(L,W,R)=(72.26999pt, 469.75502pt, 72.26999pt)
* v-part:(T,H,B)=(72.26999pt, 650.43001pt, 72.26999pt)
* \paperwidth=614.295pt
* \paperheight=794.96999pt
* \textwidth=469.75502pt
* \textheight=650.43001pt
* \oddsidemargin=0.0pt
* \evensidemargin=0.0pt
* \topmargin=-37.0pt
* \headheight=12.0pt
* \headsep=25.0pt
* \topskip=10.0pt
* \footskip=30.0pt
* \marginparwidth=36.135pt
* \marginparsep=11.0pt
* \columnsep=10.0pt
* \skip\footins=9.0pt plus 4.0pt minus 2.0pt
* \hoffset=0.0pt
* \voffset=0.0pt
* \mag=1000
* \@twocolumnfalse
* \@twosidetrue
* \@mparswitchtrue
* \@reversemarginfalse
* (1in=72.27pt=25.4mm, 1cm=28.453pt)

\AtBeginShipoutBox=\box44
Package hyperref Info: Link coloring ON on input line 68.
(/usr/local/texlive/2017/texmf-dist/tex/latex/hyperref/nameref.sty
Package: nameref 2016/05/21 v2.44 Cross-referencing by name of section

(/usr/local/texlive/2017/texmf-dist/tex/generic/oberdiek/gettitlestring.sty
Package: gettitlestring 2016/05/16 v1.5 Cleanup title references (HO)
)
\c@section@level=\count138
)
LaTeX Info: Redefining \ref on input line 68.
LaTeX Info: Redefining \pageref on input line 68.
LaTeX Info: Redefining \nameref on input line 68.

(./ColourHDRI.out) (./ColourHDRI.out)
\@outlinefile=\write5
\openout5 = `ColourHDRI.out'.

\c@mv@tabular=\count139
\c@mv@boldtabular=\count140
Package hyperref Info: Option `pageanchor' set `false' on input line 71.
<Logo_Medium_001.png, id=69, 1027.84pt x 513.92pt>
LaTeX Font Info:    Try loading font information for T1+zi4 on input line 71.

(/usr/local/texlive/2017/texmf-dist/tex/latex/inconsolata/t1zi4.fd
File: t1zi4.fd 2018/01/14 T1/zi4 (Inconsolata)
)
LaTeX Font Info:    Font shape `T1/zi4/m/n' will be
(Font)              scaled to size 10.0pt on input line 71.
File: Logo_Medium_001.png Graphic file (type png)
<use Logo_Medium_001.png>
Package pdftex.def Info: Logo_Medium_001.png  used on input line 71.
(pdftex.def)             Requested size: 469.75502pt x 234.8769pt.
LaTeX Font Info:    Try loading font information for T1+lato-TLF on input line 
71.

(/usr/local/texlive/2017/texmf-dist/tex/latex/lato/T1lato-TLF.fd
File: T1lato-TLF.fd 2017/10/22 Font definitions for T1/lato-TLF.
)
LaTeX Font Info:    Font shape `T1/lato-TLF/m/n' will be
(Font)              scaled to size 10.0pt on input line 71.
LaTeX Font Info:    Font shape `T1/lato-TLF/b/n' will be
(Font)              scaled to size 10.0pt on input line 71.
LaTeX Font Info:    Font shape `T1/lato-TLF/b/n' will be
(Font)              scaled to size 24.88pt on input line 71.
LaTeX Font Info:    Font shape `T1/lato-TLF/b/it' will be
(Font)              scaled to size 10.0pt on input line 71.
LaTeX Font Info:    Font shape `T1/lato-TLF/b/it' will be
(Font)              scaled to size 17.28pt on input line 71.
LaTeX Font Info:    Font shape `T1/lato-TLF/b/n' will be
(Font)              scaled to size 17.28pt on input line 71.
<<ot1.cmap>><<oml.cmap>><<oms.cmap>><<omx.cmap>>
LaTeX Font Info:    Try loading font information for U+msa on input line 71.

(/usr/local/texlive/2017/texmf-dist/tex/latex/amsfonts/umsa.fd
File: umsa.fd 2013/01/14 v3.01 AMS symbols A
)
LaTeX Font Info:    Try loading font information for U+msb on input line 71.

(/usr/local/texlive/2017/texmf-dist/tex/latex/amsfonts/umsb.fd
File: umsb.fd 2013/01/14 v3.01 AMS symbols B
)
LaTeX Font Info:    Font shape `T1/lato-TLF/b/n' will be
(Font)              scaled to size 12.0pt on input line 71.
 [1

{/usr/local/texlive/2017/texmf-var/fonts/map/pdftex/updmap/pdftex.map} <./Logo_
Medium_001.png>] [2

]
LaTeX Font Info:    Font shape `T1/lato-TLF/m/n' will be
(Font)              scaled to size 14.4pt on input line 71.
LaTeX Font Info:    Font shape `T1/lato-TLF/b/n' will be
(Font)              scaled to size 14.4pt on input line 71.
 (./ColourHDRI.toc)
\tf@toc=\write6
\openout6 = `ColourHDRI.toc'.

 [1

] [2

]
<Radiance_001.png, id=112, 1021.8175pt x 148.555pt>
File: Radiance_001.png Graphic file (type png)
<use Radiance_001.png>
Package pdftex.def Info: Radiance_001.png  used on input line 75.
(pdftex.def)             Requested size: 469.75502pt x 68.29305pt.
 [1 <./Radiance_001.png>] [2

]
Chapter 1.
LaTeX Font Info:    Try loading font information for TS1+bch on input line 88.
(/usr/local/texlive/2017/texmf-dist/tex/latex/psnfss/ts1bch.fd
File: ts1bch.fd 2004/10/18 font definitions for TS1/bch.
) [3] [4

]
Chapter 2.
LaTeX Font Info:    Font shape `T1/zi4/m/n' will be
(Font)              scaled to size 9.0pt on input line 169.
LaTeX Font Info:    Font shape `T1/zi4/m/n' will be
(Font)              scaled to size 5.0pt on input line 169.
LaTeX Font Info:    Try loading font information for TS1+zi4 on input line 177.

(/usr/local/texlive/2017/texmf-dist/tex/latex/inconsolata/ts1zi4.fd
File: ts1zi4.fd 2018/01/14 TS1/zi4 (Inconsolata)
)
LaTeX Font Info:    Font shape `TS1/zi4/m/n' will be
(Font)              scaled to size 9.0pt on input line 177.
 [5]
[6]
Chapter 3.
LaTeX Font Info:    Font shape `T1/lato-TLF/m/n' will be
(Font)              scaled to size 12.0pt on input line 211.

Overfull \hbox (23.99998pt too wide) in alignment at lines 239--242
 [] [] 
 []


Overfull \hbox (23.99998pt too wide) in alignment at lines 242--248
 [] [] 
 []


Overfull \hbox (23.99998pt too wide) in alignment at lines 248--252
 [] [] 
 []


Overfull \hbox (23.99998pt too wide) in alignment at lines 252--254
 [] [] 
 []


LaTeX Font Warning: Font shape `T1/zi4/m/it' undefined
(Font)              using `T1/zi4/m/n' instead on input line 1.

LaTeX Font Info:    Font shape `T1/zi4/m/it' will be
(Font)              scaled to size 10.0pt on input line 1.

Overfull \hbox (26.81248pt too wide) in paragraph at lines 261--262
[]|[][]\T1/zi4/m/it/10 upper_hemisphere_illuminance_weights_Lagarde2016[][]\T1/
bch/m/n/10 (...)| 
 []


Overfull \hbox (23.99998pt too wide) in alignment at lines 254--266
 [] [] 
 []

LaTeX Font Info:    Font shape `T1/zi4/b/n' will be
(Font)              scaled to size 10.0pt on input line 1.

Underfull \hbox (badness 10000) in paragraph at lines 273--273
[]\T1/bch/m/it/10 RGB\T1/bch/m/n/10 , \T1/bch/m/it/10 mea-sured_illuminance\T1/
bch/m/n/10 ,
 []


Overfull \hbox (2.60947pt too wide) in paragraph at lines 273--273
\T1/bch/m/it/10 colourspace=RGB_Colourspace(sRGB\T1/bch/m/n/14.4 [[\T1/bch/m/n/
10 ,
 []


Underfull \hbox (badness 5345) in paragraph at lines 273--273
\T1/bch/m/it/10 0.64\T1/bch/m/n/10 , \T1/bch/m/it/10 0.33 \T1/bch/m/n/14.4 ][\T
1/bch/m/n/10 , \T1/bch/m/it/10 0.3\T1/bch/m/n/10 , \T1/bch/m/it/10 0.6 \T1/bch/
m/n/14.4 ][\T1/bch/m/n/10 , \T1/bch/m/it/10 0.15\T1/bch/m/n/10 ,
 []


Underfull \hbox (badness 10000) in paragraph at lines 273--273
\T1/bch/m/it/10 0.9505 \T1/bch/m/n/14.4 ] ][[\T1/bch/m/n/10 , \T1/bch/m/it/10 3
.2406\T1/bch/m/n/10 , \T1/bch/m/it/10 -1.5372\T1/bch/m/n/10 , \T1/bch/m/it/10 -

 []


Underfull \hbox (badness 10000) in paragraph at lines 273--273
\T1/bch/m/n/14.4 ][\T1/bch/m/n/10 , \T1/bch/m/it/10 0.0557\T1/bch/m/n/10 , \T1/
bch/m/it/10 -0.204\T1/bch/m/n/10 , \T1/bch/m/it/10 1.057 \T1/bch/m/n/14.4 ] ]\T
1/bch/m/n/10 ,
 []


Underfull \hbox (badness 10000) in paragraph at lines 273--273
\T1/bch/m/it/10 <func-tion oetf_sRGB>\T1/bch/m/n/10 , \T1/bch/m/it/10 <func-tio
n
 []

[7

]
LaTeX Font Info:    Font shape `T1/zi4/b/n' will be
(Font)              scaled to size 9.0pt on input line 300.

Overfull \vbox (2.49644pt too high) detected at line 338
 []

[8] [9]
Overfull \hbox (23.99998pt too wide) in alignment at lines 407--410
 [] [] 
 []


Overfull \hbox (23.99998pt too wide) in alignment at lines 410--416
 [] [] 
 []


Overfull \hbox (23.99998pt too wide) in alignment at lines 416--420
 [] [] 
 []


Overfull \hbox (23.99998pt too wide) in alignment at lines 420--422
 [] [] 
 []


Overfull \hbox (23.99998pt too wide) in alignment at lines 422--434
 [] [] 
 []


Underfull \hbox (badness 10000) in paragraph at lines 488--488
[]\T1/bch/m/it/10 image_stack\T1/bch/m/n/10 , \T1/bch/m/it/10 s=<function sam-
 []


Underfull \hbox (badness 10000) in paragraph at lines 488--488
\T1/bch/m/it/10 ples_Grossberg2003>\T1/bch/m/n/10 , \T1/bch/m/it/10 sam-ples=10
00\T1/bch/m/n/10 ,
 []


Underfull \hbox (badness 10000) in paragraph at lines 488--488
\T1/bch/m/it/10 l_s=30\T1/bch/m/n/10 , \T1/bch/m/it/10 w=<function weight-
 []


Underfull \hbox (badness 10000) in paragraph at lines 488--488
\T1/bch/m/it/10 ing_function_Debevec1997>\T1/bch/m/n/10 , \T1/bch/m/it/10 n=256
\T1/bch/m/n/10 ,
 []

[10]
Overfull \hbox (23.99998pt too wide) in alignment at lines 558--561
 [] [] 
 []


Overfull \hbox (23.99998pt too wide) in alignment at lines 561--567
 [] [] 
 []


Overfull \hbox (23.99998pt too wide) in alignment at lines 567--571
 [] [] 
 []


Overfull \hbox (23.99998pt too wide) in alignment at lines 571--573
 [] [] 
 []


Overfull \hbox (23.99998pt too wide) in alignment at lines 573--580
 [] [] 
 []


Underfull \hbox (badness 10000) in paragraph at lines 587--587
[]\T1/bch/m/it/10 image_stack\T1/bch/m/n/10 , \T1/bch/m/it/10 weight-ing_functi
on=<function
 []


Underfull \hbox (badness 10000) in paragraph at lines 587--587
\T1/bch/m/it/10 weight-ing_function_Debevec1997>\T1/bch/m/n/10 , \T1/bch/m/it/1
0 weight-
 []

[11]
Overfull \hbox (23.99998pt too wide) in alignment at lines 639--642
 [] [] 
 []


Overfull \hbox (23.99998pt too wide) in alignment at lines 642--648
 [] [] 
 []


Overfull \hbox (23.99998pt too wide) in alignment at lines 648--652
 [] [] 
 []


Overfull \hbox (23.99998pt too wide) in alignment at lines 652--654
 [] [] 
 []


Overfull \hbox (23.99998pt too wide) in alignment at lines 654--671
 [] [] 
 []

[12] [13]
Overfull \hbox (23.99998pt too wide) in alignment at lines 809--812
 [] [] 
 []


Overfull \hbox (23.99998pt too wide) in alignment at lines 812--818
 [] [] 
 []


Overfull \hbox (23.99998pt too wide) in alignment at lines 818--822
 [] [] 
 []


Overfull \hbox (23.99998pt too wide) in alignment at lines 822--824
 [] [] 
 []


Overfull \hbox (23.99998pt too wide) in alignment at lines 824--846
 [] [] 
 []


Underfull \hbox (badness 10000) in paragraph at lines 853--853
[]\T1/bch/m/it/10 xy\T1/bch/m/n/10 , \T1/bch/m/it/10 CCT_calibration_illuminant
_1\T1/bch/m/n/10 ,
 []


Underfull \hbox (badness 10000) in paragraph at lines 853--853
\T1/bch/m/it/10 CCT_calibration_illuminant_2\T1/bch/m/n/10 , \T1/bch/m/it/10 M_
color_matrix_1\T1/bch/m/n/10 ,
 []


Underfull \hbox (badness 10000) in paragraph at lines 853--853
\T1/bch/m/it/10 M_color_matrix_2\T1/bch/m/n/10 , \T1/bch/m/it/10 M_camera_calib
ration_1\T1/bch/m/n/10 ,
 []

[14]
Underfull \hbox (badness 10000) in paragraph at lines 941--941
[]\T1/bch/m/it/10 camera_neutral\T1/bch/m/n/10 , \T1/bch/m/it/10 CCT_calibratio
n_illuminant_1\T1/bch/m/n/10 ,
 []


Underfull \hbox (badness 10000) in paragraph at lines 941--941
\T1/bch/m/it/10 CCT_calibration_illuminant_2\T1/bch/m/n/10 , \T1/bch/m/it/10 M_
color_matrix_1\T1/bch/m/n/10 ,
 []


Underfull \hbox (badness 10000) in paragraph at lines 941--941
\T1/bch/m/it/10 M_color_matrix_2\T1/bch/m/n/10 , \T1/bch/m/it/10 M_camera_calib
ration_1\T1/bch/m/n/10 ,
 []


Underfull \hbox (badness 10000) in paragraph at lines 941--941
\T1/bch/m/it/10 M_camera_calibration_2\T1/bch/m/n/10 , \T1/bch/m/it/10 ana-log_
balance\T1/bch/m/n/10 ,
 []

[15]
Underfull \hbox (badness 10000) in paragraph at lines 1036--1036
[]\T1/bch/m/it/10 xy\T1/bch/m/n/10 , \T1/bch/m/it/10 CCT_calibration_illuminant
_1\T1/bch/m/n/10 ,
 []


Underfull \hbox (badness 10000) in paragraph at lines 1036--1036
\T1/bch/m/it/10 CCT_calibration_illuminant_2\T1/bch/m/n/10 , \T1/bch/m/it/10 M_
color_matrix_1\T1/bch/m/n/10 ,
 []


Underfull \hbox (badness 10000) in paragraph at lines 1036--1036
\T1/bch/m/it/10 M_color_matrix_2\T1/bch/m/n/10 , \T1/bch/m/it/10 M_camera_calib
ration_1\T1/bch/m/n/10 ,
 []

[16]
Underfull \hbox (badness 10000) in paragraph at lines 1077--1080
[]\T1/bch/m/n/10 The ref-er-ence il-lu-mi-nant is D50 as de-fined per \T1/zi4/m
/it/10 colour_hdri.models.dataset.dng.
 []


Underfull \hbox (badness 10000) in paragraph at lines 1131--1131
[]\T1/bch/m/it/10 xy\T1/bch/m/n/10 , \T1/bch/m/it/10 CCT_calibration_illuminant
_1\T1/bch/m/n/10 ,
 []


Underfull \hbox (badness 10000) in paragraph at lines 1131--1131
\T1/bch/m/it/10 CCT_calibration_illuminant_2\T1/bch/m/n/10 , \T1/bch/m/it/10 M_
color_matrix_1\T1/bch/m/n/10 ,
 []


Underfull \hbox (badness 10000) in paragraph at lines 1131--1131
\T1/bch/m/it/10 M_color_matrix_2\T1/bch/m/n/10 , \T1/bch/m/it/10 M_camera_calib
ration_1\T1/bch/m/n/10 ,
 []


Underfull \hbox (badness 10000) in paragraph at lines 1131--1131
\T1/bch/m/it/10 M_camera_calibration_2\T1/bch/m/n/10 , \T1/bch/m/it/10 ana-log_
balance\T1/bch/m/n/10 ,
 []


Underfull \hbox (badness 10000) in paragraph at lines 1131--1131
\T1/bch/m/it/10 M_forward_matrix_1\T1/bch/m/n/10 , \T1/bch/m/it/10 M_forward_ma
trix_2\T1/bch/m/n/10 , \T1/bch/m/it/10 chro-
 []

[17]
Underfull \hbox (badness 10000) in paragraph at lines 1184--1187
[]\T1/bch/m/n/10 The ref-er-ence il-lu-mi-nant is D50 as de-fined per \T1/zi4/m
/it/10 colour_hdri.models.dataset.dng.
 []

[18]
Overfull \hbox (23.99998pt too wide) in alignment at lines 1252--1255
 [] [] 
 []


Overfull \hbox (23.99998pt too wide) in alignment at lines 1255--1261
 [] [] 
 []


Overfull \hbox (23.99998pt too wide) in alignment at lines 1261--1265
 [] [] 
 []


Overfull \hbox (23.99998pt too wide) in alignment at lines 1265--1267
 [] [] 
 []


Underfull \hbox (badness 10000) in paragraph at lines 1274--1275
[]|[][]\T1/zi4/m/it/10 camera_space_to_sRGB[][]\T1/bch/m/n/10 (RGB,
 []


Overfull \hbox (23.99998pt too wide) in alignment at lines 1267--1279
 [] [] 
 []

[19] [20]
Overfull \hbox (23.99998pt too wide) in alignment at lines 1392--1395
 [] [] 
 []


Overfull \hbox (23.99998pt too wide) in alignment at lines 1395--1401
 [] [] 
 []


Overfull \hbox (23.99998pt too wide) in alignment at lines 1401--1405
 [] [] 
 []


Overfull \hbox (23.99998pt too wide) in alignment at lines 1405--1407
 [] [] 
 []


Overfull \hbox (23.99998pt too wide) in alignment at lines 1407--1414
 [] [] 
 []


Underfull \hbox (badness 10000) in paragraph at lines 1421--1421
[]\T1/bch/m/it/10 image\T1/bch/m/n/10 , \T1/bch/m/it/10 count=5\T1/bch/m/n/10 ,
 \T1/bch/m/it/10 ev_steps=-2\T1/bch/m/n/10 , \T1/bch/m/it/10 en-cod-
 []


Overfull \hbox (23.99998pt too wide) in alignment at lines 1461--1464
 [] [] 
 []


Overfull \hbox (23.99998pt too wide) in alignment at lines 1464--1470
 [] [] 
 []


Overfull \hbox (23.99998pt too wide) in alignment at lines 1470--1474
 [] [] 
 []


Overfull \hbox (23.99998pt too wide) in alignment at lines 1474--1476
 [] [] 
 []


Overfull \hbox (23.99998pt too wide) in alignment at lines 1476--1483
 [] [] 
 []


Underfull \hbox (badness 10000) in paragraph at lines 1490--1490
[]\T1/bch/m/it/10 image\T1/bch/m/n/10 , \T1/bch/m/it/10 lu-mi-nance_function\T1
/bch/m/n/10 ,
 []

[21]
Overfull \hbox (23.99998pt too wide) in alignment at lines 1552--1555
 [] [] 
 []


Overfull \hbox (23.99998pt too wide) in alignment at lines 1555--1561
 [] [] 
 []


Overfull \hbox (23.99998pt too wide) in alignment at lines 1561--1565
 [] [] 
 []


Overfull \hbox (23.99998pt too wide) in alignment at lines 1565--1567
 [] [] 
 []


Overfull \hbox (23.99998pt too wide) in alignment at lines 1567--1589
 [] [] 
 []

[22]
LaTeX Font Info:    Font shape `TS1/zi4/b/n' will be
(Font)              scaled to size 10.0pt on input line 1.

Overfull \hbox (23.99998pt too wide) in alignment at lines 1666--1669
 [] [] 
 []


Overfull \hbox (23.99998pt too wide) in alignment at lines 1669--1675
 [] [] 
 []


Overfull \hbox (23.99998pt too wide) in alignment at lines 1675--1679
 [] [] 
 []


Overfull \hbox (23.99998pt too wide) in alignment at lines 1679--1681
 [] [] 
 []


Overfull \hbox (23.99998pt too wide) in alignment at lines 1681--1708
 [] [] 
 []


Underfull \hbox (badness 10000) in paragraph at lines 1715--1715
[]\T1/bch/m/it/10 dng_files\T1/bch/m/n/10 , \T1/bch/m/it/10 out-put_directory\T
1/bch/m/n/10 , \T1/bch/m/it/10 de-mo-saic-
 []

[23]
Overfull \hbox (5.7987pt too wide) in paragraph at lines 1786--1786
[]\T1/bch/m/it/10 dng_files\T1/bch/m/n/10 , \T1/bch/m/it/10 exif_tags_binding=C
aseInsensitiveMapping({u'EXIF':
 []


Underfull \hbox (badness 10000) in paragraph at lines 1786--1786
\T1/bch/m/it/10 Ca-seIn-sen-si-tiveMap-ping({u'Active Area': (<func-
 []


Underfull \hbox (badness 10000) in paragraph at lines 1786--1786
\T1/bch/m/it/10 tion <lambda>>\T1/bch/m/n/10 , \T1/bch/m/it/10 None)\T1/bch/m/n
/10 , \T1/bch/m/it/10 u'Make': (<func-tion
 []


Underfull \hbox (badness 10000) in paragraph at lines 1786--1786
\T1/bch/m/it/10 tion <lambda>>\T1/bch/m/n/10 , \T1/bch/m/it/10 None)\T1/bch/m/n
/10 , \T1/bch/m/it/10 u'Profile Cal-i-bra-tion Sig':
 []


Underfull \hbox (badness 5231) in paragraph at lines 1786--1786
\T1/bch/m/it/10 (<func-tion parse_exif_string>\T1/bch/m/n/10 , \T1/bch/m/it/10 
None)\T1/bch/m/n/10 , \T1/bch/m/it/10 u'ISO': (<func-
 []

[24] [25]
Overfull \hbox (23.99998pt too wide) in alignment at lines 1826--1829
 [] [] 
 []


Overfull \hbox (23.99998pt too wide) in alignment at lines 1829--1835
 [] [] 
 []


Overfull \hbox (23.99998pt too wide) in alignment at lines 1835--1839
 [] [] 
 []


Overfull \hbox (23.99998pt too wide) in alignment at lines 1839--1841
 [] [] 
 []


Underfull \hbox (badness 10000) in paragraph at lines 1850--1852
[]|\T1/bch/m/n/10 Performs high-lights re-cov-ery in \T1/bch/m/it/10 CIE L*C*Ha
b
 []


Overfull \hbox (23.99998pt too wide) in alignment at lines 1841--1853
 [] [] 
 []


Overfull \hbox (38.8533pt too wide) in paragraph at lines 1897--1897
[]\T1/bch/m/it/10 RGB\T1/bch/m/n/10 , \T1/bch/m/it/10 thresh-old=None\T1/bch/m/
n/10 , \T1/bch/m/it/10 RGB_colourspace=RGB_Colourspace(sRGB\T1/bch/m/n/14.4 [[\
T1/bch/m/n/10 ,
 []


Underfull \hbox (badness 5133) in paragraph at lines 1897--1897
\T1/bch/m/it/10 -0.204\T1/bch/m/n/10 , \T1/bch/m/it/10 1.057 \T1/bch/m/n/14.4 ]
 ]\T1/bch/m/n/10 , \T1/bch/m/it/10 <func-tion oetf_sRGB>\T1/bch/m/n/10 , \T1/bc
h/m/it/10 <func-tion
 []

[26]
Overfull \hbox (23.99998pt too wide) in alignment at lines 1944--1947
 [] [] 
 []


Overfull \hbox (23.99998pt too wide) in alignment at lines 1947--1953
 [] [] 
 []


Overfull \hbox (23.99998pt too wide) in alignment at lines 1953--1957
 [] [] 
 []


Overfull \hbox (23.99998pt too wide) in alignment at lines 1957--1959
 [] [] 
 []


Overfull \hbox (71.81248pt too wide) in paragraph at lines 1961--1962
[]|[][]\T1/zi4/m/it/10 light_probe_sampling_variance_minimization_Viriyothai200
9[][]\T1/bch/m/n/10 (...)| 
 []


Overfull \hbox (23.99998pt too wide) in alignment at lines 1959--1966
 [] [] 
 []


Underfull \hbox (badness 10000) in paragraph at lines 1973--1973
[]\T1/bch/m/it/10 light_probe\T1/bch/m/n/10 ,
 []


Underfull \hbox (badness 10000) in paragraph at lines 1973--1973
\T1/bch/m/it/10 lights_count=16\T1/bch/m/n/10 ,
 []


Overfull \hbox (77.60947pt too wide) in paragraph at lines 1973--1973
\T1/bch/m/it/10 colourspace=RGB_Colourspace(sRGB\T1/bch/m/n/14.4 [[\T1/bch/m/n/
10 ,
 []


Underfull \hbox (badness 7064) in paragraph at lines 1973--1973
\T1/bch/m/it/10 0.6 \T1/bch/m/n/14.4 ][\T1/bch/m/n/10 , \T1/bch/m/it/10 0.15\T1
/bch/m/n/10 , \T1/bch/m/it/10 0.06
 []


Underfull \hbox (badness 10000) in paragraph at lines 1973--1973
\T1/bch/m/n/14.4 ] ][\T1/bch/m/n/10 , \T1/bch/m/it/10 0.3127\T1/bch/m/n/10 ,
 []


Underfull \hbox (badness 10000) in paragraph at lines 1973--1973
\T1/bch/m/it/10 0.329 \T1/bch/m/n/14.4 ]\T1/bch/m/n/10 , \T1/bch/m/it/10 D65\T1
/bch/m/n/14.4 [[\T1/bch/m/n/10 ,
 []


Underfull \hbox (badness 10000) in paragraph at lines 1973--1973
\T1/bch/m/it/10 0.4124\T1/bch/m/n/10 , \T1/bch/m/it/10 0.3576\T1/bch/m/n/10 ,
 []


Underfull \hbox (badness 10000) in paragraph at lines 1973--1973
\T1/bch/m/it/10 0.1805 \T1/bch/m/n/14.4 ][\T1/bch/m/n/10 , \T1/bch/m/it/10 0.21
26\T1/bch/m/n/10 ,
 []


Underfull \hbox (badness 10000) in paragraph at lines 1973--1973
\T1/bch/m/it/10 0.7152\T1/bch/m/n/10 , \T1/bch/m/it/10 0.0722 \T1/bch/m/n/14.4 
][\T1/bch/m/n/10 ,
 []


Underfull \hbox (badness 10000) in paragraph at lines 1973--1973
\T1/bch/m/it/10 0.0193\T1/bch/m/n/10 , \T1/bch/m/it/10 0.1192\T1/bch/m/n/10 ,
 []


Underfull \hbox (badness 10000) in paragraph at lines 1973--1973
\T1/bch/m/it/10 0.9505 \T1/bch/m/n/14.4 ] ][[\T1/bch/m/n/10 ,
 []


Underfull \hbox (badness 10000) in paragraph at lines 1973--1973
\T1/bch/m/it/10 3.2406\T1/bch/m/n/10 , \T1/bch/m/it/10 -1.5372\T1/bch/m/n/10 ,
 []


Underfull \hbox (badness 10000) in paragraph at lines 1973--1973
\T1/bch/m/it/10 1.8758\T1/bch/m/n/10 , \T1/bch/m/it/10 0.0415 \T1/bch/m/n/14.4 
][\T1/bch/m/n/10 ,
 []


Underfull \hbox (badness 10000) in paragraph at lines 1973--1973
\T1/bch/m/it/10 0.0557\T1/bch/m/n/10 , \T1/bch/m/it/10 -0.204\T1/bch/m/n/10 ,
 []


Underfull \hbox (badness 10000) in paragraph at lines 1973--1973
\T1/bch/m/it/10 1.057 \T1/bch/m/n/14.4 ] ]\T1/bch/m/n/10 , \T1/bch/m/it/10 <fun
c-
 []


Underfull \hbox (badness 10000) in paragraph at lines 1973--1973
\T1/bch/m/it/10 tion oetf_sRGB>\T1/bch/m/n/10 ,
 []


Underfull \hbox (badness 10000) in paragraph at lines 1973--1973
\T1/bch/m/it/10 <func-tion
 []


Underfull \hbox (badness 10000) in paragraph at lines 1973--1973
\T1/bch/m/it/10 oetf_reverse_sRGB>\T1/bch/m/n/10 ,
 []

[27]
Underfull \hbox (badness 10000) in paragraph at lines 1989--1993
[]\T1/bch/m/n/10 list of \T1/zi4/m/it/10 colour_hdri.sampling.variance_minimiza
tion.Light_Specification
 []


Overfull \hbox (23.99998pt too wide) in alignment at lines 2014--2017
 [] [] 
 []


Overfull \hbox (23.99998pt too wide) in alignment at lines 2017--2023
 [] [] 
 []


Overfull \hbox (23.99998pt too wide) in alignment at lines 2023--2027
 [] [] 
 []


Overfull \hbox (23.99998pt too wide) in alignment at lines 2027--2029
 [] [] 
 []


Overfull \hbox (23.99998pt too wide) in alignment at lines 2029--2036
 [] [] 
 []

[28]
Overfull \hbox (23.99998pt too wide) in alignment at lines 2134--2137
 [] [] 
 []


Overfull \hbox (23.99998pt too wide) in alignment at lines 2137--2143
 [] [] 
 []


Overfull \hbox (23.99998pt too wide) in alignment at lines 2143--2147
 [] [] 
 []


Overfull \hbox (23.99998pt too wide) in alignment at lines 2147--2149
 [] [] 
 []


Overfull \hbox (23.99998pt too wide) in alignment at lines 2149--2156
 [] [] 
 []

[29]
Overfull \hbox (23.99998pt too wide) in alignment at lines 2208--2211
 [] [] 
 []


Overfull \hbox (23.99998pt too wide) in alignment at lines 2211--2217
 [] [] 
 []


Overfull \hbox (23.99998pt too wide) in alignment at lines 2217--2221
 [] [] 
 []


Overfull \hbox (23.99998pt too wide) in alignment at lines 2221--2223
 [] [] 
 []


Overfull \hbox (23.99998pt too wide) in alignment at lines 2223--2230
 [] [] 
 []


Underfull \hbox (badness 10000) in paragraph at lines 2237--2237
[]\T1/bch/m/it/10 RGB\T1/bch/m/n/10 , \T1/bch/m/it/10 colourspace=RGB_Colourspa
ce(sRGB\T1/bch/m/n/14.4 [[\T1/bch/m/n/10 ,
 []

[30]
Overfull \hbox (23.99998pt too wide) in alignment at lines 2287--2290
 [] [] 
 []


Overfull \hbox (23.99998pt too wide) in alignment at lines 2290--2296
 [] [] 
 []


Overfull \hbox (23.99998pt too wide) in alignment at lines 2296--2300
 [] [] 
 []


Overfull \hbox (23.99998pt too wide) in alignment at lines 2300--2302
 [] [] 
 []


Overfull \hbox (23.99998pt too wide) in alignment at lines 2302--2309
 [] [] 
 []


Overfull \hbox (23.99998pt too wide) in alignment at lines 2371--2374
 [] [] 
 []


Overfull \hbox (23.99998pt too wide) in alignment at lines 2374--2380
 [] [] 
 []


Overfull \hbox (23.99998pt too wide) in alignment at lines 2380--2384
 [] [] 
 []


Overfull \hbox (23.99998pt too wide) in alignment at lines 2384--2386
 [] [] 
 []


Overfull \hbox (7.90248pt too wide) in paragraph at lines 2403--2404
[]|[][]\T1/zi4/m/it/10 tonemapping_operator_exponentiation_mapping[][]\T1/bch/m
/n/10 (RGB)| 
 []


Overfull \hbox (23.99998pt too wide) in alignment at lines 2386--2428
 [] [] 
 []

[31]
Overfull \hbox (24.12743pt too wide) in paragraph at lines 2435--2435
[]\T1/bch/m/it/10 RGB\T1/bch/m/n/10 , \T1/bch/m/it/10 q=1\T1/bch/m/n/10 , \T1/b
ch/m/it/10 k=1\T1/bch/m/n/10 , \T1/bch/m/it/10 colourspace=RGB_Colourspace(sRGB
\T1/bch/m/n/14.4 [[\T1/bch/m/n/10 ,
 []


Underfull \hbox (badness 10000) in paragraph at lines 2435--2435
\T1/bch/m/it/10 0.9505 \T1/bch/m/n/14.4 ] ][[\T1/bch/m/n/10 , \T1/bch/m/it/10 3
.2406\T1/bch/m/n/10 , \T1/bch/m/it/10 -1.5372\T1/bch/m/n/10 , \T1/bch/m/it/10 -
0.4986 \T1/bch/m/n/14.4 ][\T1/bch/m/n/10 ,
 []


Underfull \hbox (badness 10000) in paragraph at lines 2435--2435
\T1/bch/m/it/10 1.057 \T1/bch/m/n/14.4 ] ]\T1/bch/m/n/10 , \T1/bch/m/it/10 <fun
c-tion oetf_sRGB>\T1/bch/m/n/10 , \T1/bch/m/it/10 <func-tion
 []

[32]
Overfull \hbox (24.12743pt too wide) in paragraph at lines 2491--2491
[]\T1/bch/m/it/10 RGB\T1/bch/m/n/10 , \T1/bch/m/it/10 q=1\T1/bch/m/n/10 , \T1/b
ch/m/it/10 k=1\T1/bch/m/n/10 , \T1/bch/m/it/10 colourspace=RGB_Colourspace(sRGB
\T1/bch/m/n/14.4 [[\T1/bch/m/n/10 ,
 []


Underfull \hbox (badness 10000) in paragraph at lines 2491--2491
\T1/bch/m/it/10 0.9505 \T1/bch/m/n/14.4 ] ][[\T1/bch/m/n/10 , \T1/bch/m/it/10 3
.2406\T1/bch/m/n/10 , \T1/bch/m/it/10 -1.5372\T1/bch/m/n/10 , \T1/bch/m/it/10 -
0.4986 \T1/bch/m/n/14.4 ][\T1/bch/m/n/10 ,
 []


Underfull \hbox (badness 10000) in paragraph at lines 2491--2491
\T1/bch/m/it/10 1.057 \T1/bch/m/n/14.4 ] ]\T1/bch/m/n/10 , \T1/bch/m/it/10 <fun
c-tion oetf_sRGB>\T1/bch/m/n/10 , \T1/bch/m/it/10 <func-tion
 []


Underfull \hbox (badness 10000) in paragraph at lines 2547--2547
[]\T1/bch/m/it/10 RGB\T1/bch/m/n/10 , \T1/bch/m/it/10 p=1\T1/bch/m/n/10 , \T1/b
ch/m/it/10 q=1\T1/bch/m/n/10 ,
 []


Underfull \hbox (badness 10000) in paragraph at lines 2547--2547
\T1/bch/m/it/10 colourspace=RGB_Colourspace(sRGB\T1/bch/m/n/14.4 [[\T1/bch/m/n/
10 ,
 []


Underfull \hbox (badness 5924) in paragraph at lines 2547--2547
\T1/bch/m/it/10 0.3576\T1/bch/m/n/10 , \T1/bch/m/it/10 0.1805 \T1/bch/m/n/14.4 
][\T1/bch/m/n/10 , \T1/bch/m/it/10 0.2126\T1/bch/m/n/10 , \T1/bch/m/it/10 0.715
2\T1/bch/m/n/10 ,
 []


Underfull \hbox (badness 8189) in paragraph at lines 2547--2547
\T1/bch/m/it/10 0.0722 \T1/bch/m/n/14.4 ][\T1/bch/m/n/10 , \T1/bch/m/it/10 0.01
93\T1/bch/m/n/10 , \T1/bch/m/it/10 0.1192\T1/bch/m/n/10 , \T1/bch/m/it/10 0.950
5
 []


Underfull \hbox (badness 10000) in paragraph at lines 2547--2547
\T1/bch/m/it/10 <func-tion oetf_reverse_sRGB>\T1/bch/m/n/10 , \T1/bch/m/it/10 F
alse\T1/bch/m/n/10 ,
 []

[33]
Underfull \hbox (badness 10000) in paragraph at lines 2603--2603
[]\T1/bch/m/it/10 RGB\T1/bch/m/n/10 , \T1/bch/m/it/10 p=1\T1/bch/m/n/10 , \T1/b
ch/m/it/10 q=1\T1/bch/m/n/10 ,
 []


Overfull \hbox (7.60947pt too wide) in paragraph at lines 2603--2603
\T1/bch/m/it/10 colourspace=RGB_Colourspace(sRGB\T1/bch/m/n/14.4 [[\T1/bch/m/n/
10 ,
 []


Underfull \hbox (badness 10000) in paragraph at lines 2603--2603
\T1/bch/m/n/14.4 ] ][\T1/bch/m/n/10 , \T1/bch/m/it/10 0.3127\T1/bch/m/n/10 , \T
1/bch/m/it/10 0.329 \T1/bch/m/n/14.4 ]\T1/bch/m/n/10 , \T1/bch/m/it/10 D65\T1/b
ch/m/n/14.4 [[\T1/bch/m/n/10 ,
 []


Underfull \hbox (badness 10000) in paragraph at lines 2603--2603
\T1/bch/m/n/14.4 ][\T1/bch/m/n/10 , \T1/bch/m/it/10 0.0557\T1/bch/m/n/10 , \T1/
bch/m/it/10 -0.204\T1/bch/m/n/10 , \T1/bch/m/it/10 1.057 \T1/bch/m/n/14.4 ] ]\T
1/bch/m/n/10 ,
 []


Underfull \hbox (badness 10000) in paragraph at lines 2603--2603
\T1/bch/m/it/10 <func-tion oetf_sRGB>\T1/bch/m/n/10 , \T1/bch/m/it/10 <func-tio
n
 []

[34]
Underfull \hbox (badness 10000) in paragraph at lines 2659--2659
\T1/bch/m/it/10 0.9505 \T1/bch/m/n/14.4 ] ][[\T1/bch/m/n/10 , \T1/bch/m/it/10 3
.2406\T1/bch/m/n/10 , \T1/bch/m/it/10 -1.5372\T1/bch/m/n/10 , \T1/bch/m/it/10 -
0.4986 \T1/bch/m/n/14.4 ][\T1/bch/m/n/10 ,
 []


Underfull \hbox (badness 10000) in paragraph at lines 2659--2659
\T1/bch/m/it/10 1.057 \T1/bch/m/n/14.4 ] ]\T1/bch/m/n/10 , \T1/bch/m/it/10 <fun
c-tion oetf_sRGB>\T1/bch/m/n/10 , \T1/bch/m/it/10 <func-tion
 []

[35]
Underfull \hbox (badness 10000) in paragraph at lines 2714--2714
[]\T1/bch/m/it/10 RGB\T1/bch/m/n/10 , \T1/bch/m/it/10 L_da=20\T1/bch/m/n/10 , \
T1/bch/m/it/10 C_max=100\T1/bch/m/n/10 , \T1/bch/m/it/10 L_max=100\T1/bch/m/n/1
0 ,
 []

[36]
Underfull \hbox (badness 10000) in paragraph at lines 2773--2773
[]\T1/bch/m/it/10 RGB\T1/bch/m/n/10 , \T1/bch/m/it/10 f=0\T1/bch/m/n/10 , \T1/b
ch/m/it/10 m=0.3\T1/bch/m/n/10 , \T1/bch/m/it/10 a=0\T1/bch/m/n/10 , \T1/bch/m/
it/10 c=0\T1/bch/m/n/10 ,
 []


Underfull \hbox (badness 10000) in paragraph at lines 2773--2773
\T1/bch/m/it/10 colourspace=RGB_Colourspace(sRGB\T1/bch/m/n/14.4 [[\T1/bch/m/n/
10 , \T1/bch/m/it/10 0.64\T1/bch/m/n/10 ,
 []


Underfull \hbox (badness 7099) in paragraph at lines 2773--2773
\T1/bch/m/it/10 0.9505 \T1/bch/m/n/14.4 ] ][[\T1/bch/m/n/10 , \T1/bch/m/it/10 3
.2406\T1/bch/m/n/10 , \T1/bch/m/it/10 -1.5372\T1/bch/m/n/10 , \T1/bch/m/it/10 -
0.4986 \T1/bch/m/n/14.4 ][\T1/bch/m/n/10 ,
 []


Underfull \hbox (badness 6300) in paragraph at lines 2773--2773
\T1/bch/m/it/10 1.057 \T1/bch/m/n/14.4 ] ]\T1/bch/m/n/10 , \T1/bch/m/it/10 <fun
c-tion oetf_sRGB>\T1/bch/m/n/10 , \T1/bch/m/it/10 <func-tion
 []

[37]
Underfull \hbox (badness 10000) in paragraph at lines 2836--2836
\T1/bch/m/it/10 toe_denominator=0.3\T1/bch/m/n/10 , \T1/bch/m/it/10 ex-po-sure_
bias=2\T1/bch/m/n/10 , \T1/bch/m/it/10 lin-
 []

[38]
Overfull \hbox (23.99998pt too wide) in alignment at lines 2910--2913
 [] [] 
 []


Overfull \hbox (23.99998pt too wide) in alignment at lines 2913--2919
 [] [] 
 []


Overfull \hbox (23.99998pt too wide) in alignment at lines 2919--2923
 [] [] 
 []


Overfull \hbox (23.99998pt too wide) in alignment at lines 2923--2925
 [] [] 
 []


Overfull \hbox (23.99998pt too wide) in alignment at lines 2925--2932
 [] [] 
 []

[39]
Overfull \hbox (23.99998pt too wide) in alignment at lines 2940--2943
 [] [] 
 []


Overfull \hbox (23.99998pt too wide) in alignment at lines 2943--2949
 [] [] 
 []


Overfull \hbox (23.99998pt too wide) in alignment at lines 2949--2953
 [] [] 
 []


Overfull \hbox (23.99998pt too wide) in alignment at lines 2953--2955
 [] [] 
 []


Overfull \hbox (23.99998pt too wide) in alignment at lines 2955--2962
 [] [] 
 []


Overfull \hbox (23.99998pt too wide) in alignment at lines 2970--2973
 [] [] 
 []


Overfull \hbox (23.99998pt too wide) in alignment at lines 2973--2979
 [] [] 
 []


Overfull \hbox (23.99998pt too wide) in alignment at lines 2979--2983
 [] [] 
 []


Overfull \hbox (23.99998pt too wide) in alignment at lines 2983--2985
 [] [] 
 []


Overfull \hbox (7.90248pt too wide) in paragraph at lines 2987--2988
[]|[][]\T1/zi4/m/it/10 tonemapping_operator_exponentiation_mapping[][]\T1/bch/m
/n/10 (RGB)| 
 []


Overfull \hbox (23.99998pt too wide) in alignment at lines 2985--3012
 [] [] 
 []


Overfull \hbox (23.99998pt too wide) in alignment at lines 3020--3023
 [] [] 
 []


Overfull \hbox (23.99998pt too wide) in alignment at lines 3023--3029
 [] [] 
 []


Overfull \hbox (23.99998pt too wide) in alignment at lines 3029--3033
 [] [] 
 []


Overfull \hbox (23.99998pt too wide) in alignment at lines 3033--3035
 [] [] 
 []


Overfull \hbox (23.99998pt too wide) in alignment at lines 3035--3042
 [] [] 
 []


Overfull \hbox (23.99998pt too wide) in alignment at lines 3050--3053
 [] [] 
 []


Overfull \hbox (23.99998pt too wide) in alignment at lines 3053--3059
 [] [] 
 []


Overfull \hbox (23.99998pt too wide) in alignment at lines 3059--3063
 [] [] 
 []


Overfull \hbox (23.99998pt too wide) in alignment at lines 3063--3065
 [] [] 
 []


Overfull \hbox (23.99998pt too wide) in alignment at lines 3065--3072
 [] [] 
 []


Overfull \hbox (23.99998pt too wide) in alignment at lines 3080--3083
 [] [] 
 []


Overfull \hbox (23.99998pt too wide) in alignment at lines 3083--3089
 [] [] 
 []


Overfull \hbox (23.99998pt too wide) in alignment at lines 3089--3093
 [] [] 
 []


Overfull \hbox (23.99998pt too wide) in alignment at lines 3093--3095
 [] [] 
 []


Overfull \hbox (23.99998pt too wide) in alignment at lines 3095--3102
 [] [] 
 []

[40]
Overfull \hbox (23.99998pt too wide) in alignment at lines 3110--3113
 [] [] 
 []


Overfull \hbox (23.99998pt too wide) in alignment at lines 3113--3119
 [] [] 
 []


Overfull \hbox (23.99998pt too wide) in alignment at lines 3119--3123
 [] [] 
 []


Overfull \hbox (23.99998pt too wide) in alignment at lines 3123--3125
 [] [] 
 []


Overfull \hbox (23.99998pt too wide) in alignment at lines 3125--3132
 [] [] 
 []


Overfull \hbox (23.99998pt too wide) in alignment at lines 3160--3163
 [] [] 
 []


Overfull \hbox (23.99998pt too wide) in alignment at lines 3163--3169
 [] [] 
 []


Overfull \hbox (23.99998pt too wide) in alignment at lines 3169--3173
 [] [] 
 []


Overfull \hbox (23.99998pt too wide) in alignment at lines 3173--3175
 [] [] 
 []


Overfull \hbox (23.99998pt too wide) in alignment at lines 3175--3197
 [] [] 
 []

[41] [42]
Overfull \hbox (23.99998pt too wide) in alignment at lines 3326--3329
 [] [] 
 []


Overfull \hbox (23.99998pt too wide) in alignment at lines 3329--3335
 [] [] 
 []


Overfull \hbox (23.99998pt too wide) in alignment at lines 3335--3339
 [] [] 
 []


Overfull \hbox (23.99998pt too wide) in alignment at lines 3339--3341
 [] [] 
 []


Overfull \hbox (23.99998pt too wide) in alignment at lines 3341--3408
 [] [] 
 []

[43] [44] [45]
Overfull \hbox (23.99998pt too wide) in alignment at lines 3782--3785
 [] [] 
 []


Overfull \hbox (23.99998pt too wide) in alignment at lines 3785--3791
 [] [] 
 []


Overfull \hbox (23.99998pt too wide) in alignment at lines 3791--3795
 [] [] 
 []


Overfull \hbox (23.99998pt too wide) in alignment at lines 3795--3797
 [] [] 
 []


Overfull \hbox (23.99998pt too wide) in alignment at lines 3797--3814
 [] [] 
 []

[46] [47]
Overfull \hbox (23.99998pt too wide) in alignment at lines 3944--3947
 [] [] 
 []


Overfull \hbox (23.99998pt too wide) in alignment at lines 3947--3953
 [] [] 
 []


Overfull \hbox (23.99998pt too wide) in alignment at lines 3953--3957
 [] [] 
 []


Overfull \hbox (23.99998pt too wide) in alignment at lines 3957--3959
 [] [] 
 []


Overfull \hbox (23.99998pt too wide) in alignment at lines 3959--3976
 [] [] 
 []

[48]
Underfull \hbox (badness 10000) in paragraph at lines 4251--4253
[]|\T1/bch/m/n/10 Reimplements the \T1/zi4/m/it/10 MutableSequence.insert()
 []

[49] [50]
Chapter 4.
[51

] [52

]
Chapter 5.
[53] [54

]
Chapter 6.
[55] [56

]
Underfull \hbox (badness 10000) in paragraph at lines 4349--4351
[]\T1/bch/m/n/10 Dave Cof-fin. Dcraw. 2015. URL: [][]$https : / / www . cyberco
m . net / \protect \ T1 \ textdollar \ T1 \
 []

[57

]
Overfull \hbox (29.01305pt too wide) in paragraph at lines 4400--4402
[]\T1/bch/m/n/10 Adobe Sys-tems. Adobe DNG SDK 1.4 - dng_sdk_1_4/dng_sdk/source
/dng_camera_profile.cpp
 []


Overfull \hbox (0.61311pt too wide) in paragraph at lines 4403--4405
[]\T1/bch/m/n/10 Adobe Sys-tems. Adobe DNG SDK 1.4 - dng_sdk_1_4/dng_sdk/source
/dng_tag_values.h
 []

(./ColourHDRI.ind [58]
Underfull \hbox (badness 10000) in paragraph at lines 25--26
[]\T1/bch/m/n/10 camera_response_functions_Debevec1997() (in
 []


Underfull \hbox (badness 10000) in paragraph at lines 28--29
[]\T1/bch/m/n/10 camera_space_to_XYZ_matrix() (in mod-ule
 []


Underfull \hbox (badness 10000) in paragraph at lines 30--31
[]\T1/bch/m/n/10 convert_raw_files_to_dng_files() (in mod-ule
 []


Underfull \hbox (badness 10000) in paragraph at lines 37--38
[]\T1/bch/m/n/10 DNG_CONVERSION_ARGUMENTS (in mod-ule
 []


Underfull \hbox (badness 10000) in paragraph at lines 39--40
[]\T1/bch/m/n/10 DNG_EXIF_TAGS_BINDING (in mod-ule
 []


Underfull \hbox (badness 10000) in paragraph at lines 59--60
[]\T1/bch/m/n/10 highlights_recovery_blend() (in mod-ule
 []


Underfull \hbox (badness 10000) in paragraph at lines 60--61
[]\T1/bch/m/n/10 highlights_recovery_LCHab() (in mod-ule
 []


Underfull \hbox (badness 10000) in paragraph at lines 65--66
[]\T1/bch/m/n/10 image_stack_to_radiance_image() (in mod-ule
 []


Overfull \hbox (47.25208pt too wide) in paragraph at lines 72--74
[]\T1/bch/m/n/10 light_probe_sampling_variance_minimization_Viriyothai2009()
 []


Underfull \hbox (badness 10000) in paragraph at lines 82--83
[]\T1/bch/m/n/10 normal_distribution_function() (in mod-ule
 []

[59


]
Underfull \hbox (badness 10000) in paragraph at lines 96--97
[]\T1/bch/m/n/10 radiance_image_strip_plot() (in mod-ule
 []


Underfull \hbox (badness 10000) in paragraph at lines 97--98
[]\T1/bch/m/n/10 RAW_CONVERSION_ARGUMENTS (in mod-ule
 []


Underfull \hbox (badness 5802) in paragraph at lines 99--100
[]\T1/bch/m/n/10 RAW_D_CONVERSION_ARGUMENTS (in mod-ule
 []


Underfull \hbox (badness 8170) in paragraph at lines 113--114
[]\T1/bch/m/n/10 tonemapping_operator_exponential() (in mod-ule
 []


Underfull \hbox (badness 10000) in paragraph at lines 114--115
[]\T1/bch/m/n/10 tonemapping_operator_exponentiation_mapping()
 []


Underfull \hbox (badness 10000) in paragraph at lines 115--116
[]\T1/bch/m/n/10 tonemapping_operator_filmic() (in mod-ule
 []


Underfull \hbox (badness 10000) in paragraph at lines 116--117
[]\T1/bch/m/n/10 tonemapping_operator_gamma() (in mod-ule
 []


Underfull \hbox (badness 10000) in paragraph at lines 117--118
[]\T1/bch/m/n/10 tonemapping_operator_image_plot() (in mod-ule
 []


Underfull \hbox (badness 10000) in paragraph at lines 118--119
[]\T1/bch/m/n/10 tonemapping_operator_logarithmic() (in mod-ule
 []


Underfull \hbox (badness 10000) in paragraph at lines 119--120
[]\T1/bch/m/n/10 tonemapping_operator_logarithmic_mapping() (in
 []


Underfull \hbox (badness 5217) in paragraph at lines 122--123
[]\T1/bch/m/n/10 tonemapping_operator_Schlick1994() (in mod-ule
 []


Underfull \hbox (badness 10000) in paragraph at lines 123--124
[]\T1/bch/m/n/10 tonemapping_operator_simple() (in mod-ule
 []


Overfull \hbox (16.45218pt too wide) in paragraph at lines 129--131
[]\T1/bch/m/n/10 upper_hemisphere_illuminance_weights_Lagarde2016()
 []


Underfull \hbox (badness 10000) in paragraph at lines 139--140
[]\T1/bch/m/n/10 weighting_function_Debevec1997() (in mod-ule
 []


Underfull \hbox (badness 10000) in paragraph at lines 145--146
[]\T1/bch/m/n/10 XYZ_to_camera_space_matrix() (in mod-ule
 []

[60])
Package atveryend Info: Empty hook `BeforeClearDocument' on input line 4414.
Package atveryend Info: Empty hook `AfterLastShipout' on input line 4414.
 (./ColourHDRI.aux)
Package atveryend Info: Executing hook `AtVeryEndDocument' on input line 4414.
Package atveryend Info: Executing hook `AtEndAfterFileList' on input line 4414.

Package rerunfilecheck Info: File `ColourHDRI.out' has not changed.
(rerunfilecheck)             Checksum: C2B65B6FAE710ACCE78170CF4358D964;1733.


LaTeX Font Warning: Some font shapes were not available, defaults substituted.

Package atveryend Info: Empty hook `AtVeryVeryEnd' on input line 4414.
 ) 
Here is how much of TeX's memory you used:
 14982 strings out of 492980
 226131 string characters out of 6132509
 427176 words of memory out of 5000000
 17741 multiletter control sequences out of 15000+600000
 249738 words of font info for 71 fonts, out of 8000000 for 9000
 1142 hyphenation exceptions out of 8191
 37i,12n,45p,6794b,689s stack positions out of 5000i,500n,10000p,200000b,80000s
{/usr/local/texlive/2017/texmf-dist/fonts/enc/dvips/lato/a_w6akef.enc}{/usr/l
ocal/texlive/2017/texmf-dist/fonts/enc/dvips/inconsolata/i4-ts1.enc}{/usr/local
/texlive/2017/texmf-dist/fonts/enc/dvips/inconsolata/i4-t1-0.enc}{/usr/local/te
xlive/2017/texmf-dist/fonts/enc/dvips/base/8r.enc}</usr/local/texlive/2017/texm
f-dist/fonts/type1/public/inconsolata/Inconsolata-zi4b.pfb></usr/local/texlive/
2017/texmf-dist/fonts/type1/public/inconsolata/Inconsolata-zi4r.pfb></usr/local
/texlive/2017/texmf-dist/fonts/type1/typoland/lato/Lato-Bold.pfb></usr/local/te
xlive/2017/texmf-dist/fonts/type1/typoland/lato/Lato-BoldItalic.pfb></usr/local
/texlive/2017/texmf-dist/fonts/type1/typoland/lato/Lato-Regular.pfb></usr/local
/texlive/2017/texmf-dist/fonts/type1/bitstrea/charter/bchb8a.pfb></usr/local/te
xlive/2017/texmf-dist/fonts/type1/bitstrea/charter/bchr8a.pfb></usr/local/texli
ve/2017/texmf-dist/fonts/type1/bitstrea/charter/bchri8a.pfb></usr/local/texlive
/2017/texmf-dist/fonts/type1/public/amsfonts/cm/cmmi10.pfb></usr/local/texlive/
2017/texmf-dist/fonts/type1/public/amsfonts/cm/cmmi7.pfb></usr/local/texlive/20
17/texmf-dist/fonts/type1/public/amsfonts/cm/cmr10.pfb>
Output written on ColourHDRI.pdf (64 pages, 749254 bytes).
PDF statistics:
 1261 PDF objects out of 1440 (max. 8388607)
 1163 compressed objects within 12 object streams
 472 named destinations out of 1000 (max. 500000)
 159 words of extra memory for PDF output out of 10000 (max. 10000000)

