   87.1    71.3
  163.4    66.3
   96.9    67.6
  195.7    61.1
  324.6    77.3
  251.7    63.3
  315.9    79.9
  267.3    81.8
    5.6    78.1
  260.3    63.4
  117.1    71.5
  232.9    70.8
  338.1    83.2
  261.2    80.9
   17.6    70.6
  161.8    84.7
  157.3    69.4
  255.5    85.6
   79.1    82.4
  144.6    68.1
  353.1    70.5
  302.0    80.0
   80.6    72.4
  332.3    69.3
  100.7    67.8
   67.4    80.0
  164.2    56.5
   71.1    75.5
  218.6    79.9
  275.2    79.3
   51.3    72.4
  127.9    69.5
   99.9    85.4
  229.0    55.9
   13.0    77.6
  273.2    69.0
   52.2    87.3
   42.0    86.5
  288.8    81.0
    9.0    75.1
    5.2    75.8
  107.7    64.3
  190.6    78.5
    5.7    68.5
  164.4    55.4
   81.9    80.3
   81.0    73.4
  149.9    64.3
  253.4    82.9
  268.0    81.2
  305.3    75.3
  181.0    81.6
  321.3    83.5
  274.9    62.5
  193.5    72.8
   82.8    86.5
  295.7    82.1
  200.9    57.3
  340.4    84.4
  165.8    78.5
  165.2    62.6
  199.5    76.2
  245.6    76.6
  233.4    58.3
   47.1    68.6
  331.0    86.6
  242.0    66.6
  307.3    68.2
  137.8    72.8
  338.5    71.5
   36.1    72.2
  235.8    69.2
    9.5    67.5
  215.1    66.6
  228.8    68.3
   89.0    84.6
   72.9    77.8
  121.1    65.6
  224.8    84.7
  288.2    71.6
  271.2    75.8
  198.0    77.2
  285.3    61.1
    3.6    60.9
   50.3    74.1
  286.3    81.7
   34.5    68.3
  304.0    78.8
  198.7    62.8
  291.2    75.6
  195.5    76.0
  271.5    73.5
  253.0    65.5
  265.4    66.0
   95.4    76.1
  165.3    81.4
   53.4    71.9
  329.3    80.4
  178.3    67.3
  120.8    77.8
