5.117975
14.920491
8.719951
8.790073
8.463568
8.656336
6.857524
8.291025
6.129835
9.411743
14.163872
7.747392
11.959251
12.449150
15.753145
7.904740
8.163178
9.542496
12.720274
13.341321
11.770568
17.848080
8.975317
15.254430
4.679277
9.024538
12.356261
11.755707
6.346313
11.640820
5.100084
11.727828
13.612301
11.066547
8.550376
10.814488
10.029470
10.717436
8.647991
8.571468
5.626255
11.687818
6.316440
17.209142
6.861416
15.002641
8.319542
9.872874
11.323441
8.709305
10.901617
11.048323
8.963361
8.298958
8.893606
6.000220
8.169979
8.295375
13.829458
6.231845
8.213684
13.246671
5.491853
8.526452
9.967920
11.462474
10.039769
7.587781
10.220460
8.156824
5.682281
13.926493
15.292759
10.138377
10.441028
12.027048
8.336261
11.836679
9.043646
10.029958
4.226871
7.248196
8.583035
7.508020
14.779692
16.619723
10.461778
9.915565
6.640488
9.414780
11.526710
10.219262
14.240166
15.281318
9.239521
8.273472
8.567235
13.027284
13.389449
15.954943
14.313034
9.813399
6.045845
8.431589
13.277360
10.438942
4.778253
9.872487
11.827311
11.990110
12.613861
11.166747
13.514388
3.650948
5.446431
13.342553
11.880822
14.982654
9.468572
11.142441
10.507321
10.662576
10.489235
11.116798
7.695892
6.621253
14.834248
7.045871
7.295640
9.217672
6.775406
9.879342
14.826754
11.140046
6.631601
12.838627
8.909688
10.387348
10.040354
8.672486
16.976599
9.480668
4.876650
11.510692
11.697969
2.492346
6.408769
10.631745
12.076521
13.204530
15.120346
7.555791
9.571025
3.429506
10.857480
11.395795
12.270328
8.662573
12.743262
12.908855
12.780448
11.145943
9.211710
13.194512
8.651827
8.067568
9.739252
16.849620
7.201926
6.546654
5.964480
9.045223
8.217509
9.731562
6.030879
7.152514
7.352237
8.727063
9.677774
7.824867
9.644415
8.326289
8.153022
9.684784
10.168285
8.037201
1.961098
16.976474
13.585972
9.164606
12.943696
11.824717
10.547449
9.485220
10.397651
5.855389
8.346507
10.850721
6.989336
12.724366
10.792432
13.756136
12.354489
5.463645
11.066870
6.157543
9.741736
10.491070
12.933236
14.576032
9.298042
12.929644
3.674493
12.974516
15.436328
7.255745
11.537048
10.642579
11.173107
13.479823
10.534183
8.084822
12.328004
12.449720
14.612217
5.856183
9.843139
12.032186
11.575220
9.028440
6.109532
3.304087
2.082735
15.638670
11.273946
6.837777
14.263468
12.370884
11.657848
4.115369
7.337339
15.861554
9.359285
13.313455
10.901641
12.575238
4.787757
9.334768
10.946851
6.876966
10.139658
12.177431
8.996839
12.820464
10.887506
10.889948
14.446636
12.609953
7.652978
11.166289
10.456493
7.626188
10.476556
13.882475
9.619110
13.073982
13.287713
14.455441
11.382505
8.894314
7.118239
14.602198
9.749191
2.432262
6.355197
12.013919
3.867016
10.639243
3.408787
9.175981
13.058584
5.858735
5.325689
5.489388
6.942769
13.868451
14.996162
7.381725
8.268635
9.178533
10.765065
11.304459
7.500299
9.556434
10.219400
11.710987
10.620693
11.361067
12.318521
9.093839
10.608788
12.579522
13.985857
14.358151
10.592485
15.608978
14.361092
11.391772
13.214945
10.443884
8.338938
11.424339
6.175298
11.493126
13.764714
10.910329
6.321536
11.895725
13.528316
10.148539
10.234915
11.713155
14.069270
8.164746
6.052672
10.386170
13.180609
8.635311
6.243183
9.140427
11.664068
12.490198
12.811866
14.094322
10.121876
7.362828
5.890759
10.309296
7.864062
15.429532
14.617666
10.741267
11.580402
12.613149
12.850694
10.479484
12.082470
14.936976
10.523187
9.149473
6.295532
8.486335
12.970525
5.951066
14.302425
10.058343
9.713530
12.407008
13.028159
14.910311
10.101829
10.776411
3.329132
7.975751
11.441788
11.814523
9.364210
9.317131
11.774977
9.575393
4.398271
8.829392
7.094789
12.163865
9.475406
8.341419
15.682754
11.308248
8.528632
7.743132
11.683311
4.769380
12.518697
7.610877
6.810331
6.206470
12.032912
13.713102
9.293863
9.676636
8.302606
8.271871
13.570883
15.190279
10.974883
9.990647
12.084329
9.093907
6.526388
11.584787
7.660139
10.469733
10.789451
12.864254
8.205462
7.979821
13.558607
21.342350
10.200069
13.521499
8.554736
7.973225
12.179861
11.460736
9.751285
8.977329
8.470213
12.562174
11.605781
9.914617
6.475319
7.236440
7.721156
10.806704
5.432760
10.004880
13.440371
10.142175
13.777943
9.812093
14.594550
4.982337
14.292919
14.374687
12.065075
13.787730
10.930977
9.712495
7.607464
9.597993
10.639211
5.118938
5.483890
12.200641
10.407673
6.412794
7.326775
10.432685
11.634589
12.177656
5.138259
10.296038
10.340304
9.926577
13.260911
10.902995
8.589260
9.593594
9.138452
8.615159
7.624962
9.205700
9.654549
8.984257
13.719904
9.628687
9.963837
8.200232
11.091716
14.012665
9.507427
12.467956
7.479700
12.325817
10.245733
9.620602
8.360309
11.788723
11.120270
5.094340
6.547559
8.768297
9.297887
10.261309
8.520747
11.742430
10.972765
15.636101
8.275216
8.642934
6.940575
8.425800
5.558785
11.710769
7.709313
4.479252
6.855612
11.015295
9.905931
8.170748
11.629465
10.588893
13.819992
13.755743
15.440748
7.793583
13.245301
5.172187
12.450063
5.904453
14.561895
12.575834
9.500635
1.763381
10.689735
13.782815
8.876516
6.069222
8.219874
10.751456
8.431189
13.278651
8.084169
6.692540
6.777448
15.325844
11.963071
8.471889
9.615716
8.575050
16.184914
12.856041
10.692277
2.041211
11.985114
7.401522
14.310925
9.167278
8.172397
8.991637
8.831200
9.994523
7.806375
10.021045
9.972614
14.880295
10.944689
7.664780
7.279591
6.972320
9.006582
7.100099
14.643610
8.631376
8.468404
5.513358
6.600709
7.740079
5.373436
5.333134
10.317709
8.209363
14.677449
7.248346
9.625394
8.456882
9.489342
13.680894
9.060745
10.479304
10.473539
10.803325
9.279790
9.935609
10.364682
9.194513
14.568652
12.694255
7.139836
10.998270
12.721308
15.156077
15.793114
11.054761
7.184139
8.576293
15.858758
7.738148
12.875674
11.327800
8.936331
11.004037
12.652698
9.765237
8.236402
12.515640
10.096261
5.177796
9.762094
7.806402
8.513302
7.420645
7.102533
13.751372
9.537361
13.130328
10.217361
5.172377
8.266723
12.653009
8.726677
7.275927
6.896315
7.598265
11.408201
8.757459
11.679470
9.385534
6.813847
14.378683
5.154364
9.533446
9.456612
5.909233
9.747220
11.680544
14.121289
7.898588
12.840232
12.770638
12.104794
10.419676
6.926848
5.981779
10.763048
10.439032
13.680347
13.051197
8.373705
7.447178
10.880336
11.805836
12.354335
9.752126
13.760764
10.795905
10.253505
14.076797
7.200396
7.186568
5.919609
6.959340
2.154768
15.505382
6.883914
12.694092
6.397198
8.697106
10.480061
14.383628
16.132282
5.729566
13.691384
8.871374
12.388412
10.432306
10.049054
1.769374
9.704674
10.192721
14.117474
15.171652
5.342938
12.685242
9.607546
9.673508
6.254854
5.198143
9.593324
11.069925
7.830941
7.028345
8.329369
7.136786
11.528045
13.655487
7.056130
4.628382
10.722628
11.458083
5.695774
16.631867
3.409923
10.449412
9.028874
10.796726
8.920616
8.515797
6.187935
8.959177
9.575164
12.971184
12.828491
10.762834
6.368428
11.581779
9.339243
10.417123
7.417416
11.767791
6.358911
11.794954
7.263558
10.091282
7.810306
13.639810
5.294604
14.322770
12.393889
10.361780
11.998789
12.323786
17.075839
11.478520
13.914049
13.086036
14.275065
8.302807
8.853703
14.327294
10.735945
7.904982
9.336907
11.012519
7.542949
14.542043
12.141784
7.361305
9.579070
11.736170
12.068767
6.499659
11.559880
12.374635
7.739093
15.795329
9.284326
16.373606
14.838782
7.951737
13.945274
7.310663
10.729839
11.429320
13.326778
7.101444
10.680484
13.720192
11.024944
9.518571
6.124761
9.733133
8.218473
10.582821
5.403876
9.173957
4.680143
7.646667
11.300714
9.846390
9.285343
8.972991
11.226363
5.509236
10.957090
4.404253
10.452242
14.663629
8.205212
12.018865
6.741252
2.102897
9.287819
10.444706
9.269124
14.988582
11.865155
4.002635
12.356649
10.100069
8.895992
3.428906
8.048320
17.878515
8.699149
5.414177
11.559509
1.660294
13.741316
11.191899
12.105728
10.853105
6.238016
13.485628
7.732026
5.435336
7.145045
5.946171
6.371069
10.696693
5.270578
10.336321
6.863600
11.978232
16.515961
9.746302
12.699023
5.685019
8.247109
9.402470
10.222971
11.567401
7.458533
9.528745
9.556222
7.756894
9.299674
12.344563
5.930992
7.296255
7.676097
15.311530
8.100623
7.887967
8.414994
8.805168
11.287221
10.694951
10.217201
11.128890
10.013685
16.453289
9.505001
12.768883
10.310656
15.165238
9.138879
13.322948
11.363978
12.605677
8.322263
17.633166
4.908537
8.758862
9.833364
9.859036
13.999132
13.964292
13.873085
10.310702
9.983350
7.678531
11.824597
7.576497
6.230746
11.498658
10.052474
11.795079
11.663504
7.119308
6.489504
9.136413
2.426659
12.478982
11.435088
10.911252
9.624513
10.988785
10.568184
14.540841
7.063544
13.648042
7.308387
6.823481
7.385905
11.260743
9.643130
13.550593
8.498872
7.386157
10.888178
11.366431
8.502189
11.092211
7.112012
11.421570
11.467560
13.567785
8.109718
6.617204
9.313319
13.019488
11.977806
9.702232
14.249219
7.736566
10.991513
8.400662
14.364673
13.456203
10.237441
9.596331
10.372053
13.457079
8.735368
5.531271
11.858345
7.007497
8.174737
9.032160
13.828197
9.572046
11.928368
8.390338
9.623869
3.618879
6.946485
13.607375
13.766199
9.558001
10.340476
9.324725
14.398210
4.210166
10.564135
9.578213
10.963152
6.812507
11.977979
11.021116
11.164079
12.205249
8.860104
13.423848
8.856041
1.868381
9.887455
10.361106
11.972253
14.261543
14.969938
7.224761
11.240721
9.771424
0.207616
6.301389
8.417146
11.597937
8.831567
7.187568
11.858581
8.056626
7.604040
8.188769
10.237280
7.375761
14.625981
13.289276
11.837272
12.624430
5.548695
5.112565
6.613719
4.606365
10.576555
7.378621
9.615551
12.890426
7.607027
10.606000
11.236107
6.071288
9.762137
7.693075
6.203695
12.329830
12.783170
13.459740
8.806771
7.312942
15.205257
11.400134
12.014200
12.696245
6.550903
11.110268
8.181970
12.405484
13.548780
8.449912
