\BOOKMARK [0][-]{chapter.1}{\376\377\000c\000o\000r\000r\000f\000i\000t\000t\000e\000r\000\040\000-\000\040\000L\000e\000a\000s\000t\000-\000S\000q\000u\000a\000r\000e\000s\000\040\000F\000i\000t\000\040\000t\000o\000\040\000C\000o\000r\000r\000e\000l\000a\000t\000o\000r\000s}{}% 1
\BOOKMARK [1][-]{section.1.1}{\376\377\000I\000n\000t\000r\000o\000d\000u\000c\000t\000i\000o\000n}{chapter.1}% 2
\BOOKMARK [1][-]{section.1.2}{\376\377\000B\000a\000s\000i\000c\000\040\000F\000i\000t\000s}{chapter.1}% 3
\BOOKMARK [1][-]{section.1.3}{\376\377\000F\000a\000s\000t\000e\000r\000\040\000F\000i\000t\000s}{chapter.1}% 4
\BOOKMARK [1][-]{section.1.4}{\376\377\000F\000a\000s\000t\000e\000r\000\040\000F\000i\000t\000s\000\040\040\024\000\040\000P\000o\000s\000t\000i\000v\000e\000\040\000P\000a\000r\000a\000m\000e\000t\000e\000r\000s}{chapter.1}% 5
\BOOKMARK [1][-]{section.1.5}{\376\377\000F\000a\000s\000t\000e\000r\000\040\000F\000i\000t\000s\000\040\040\024\000\040\000M\000a\000r\000g\000i\000n\000a\000l\000i\000z\000a\000t\000i\000o\000n}{chapter.1}% 6
\BOOKMARK [1][-]{section.1.6}{\376\377\000F\000a\000s\000t\000e\000r\000\040\000F\000i\000t\000s\000\040\040\024\000\040\000C\000h\000a\000i\000n\000e\000d\000\040\000F\000i\000t\000s}{chapter.1}% 7
\BOOKMARK [1][-]{section.1.7}{\376\377\000F\000a\000s\000t\000e\000r\000\040\000F\000i\000t\000s\000\040\040\024\000\040\000F\000a\000s\000t\000e\000r\000\040\000F\000i\000t\000t\000e\000r\000s}{chapter.1}% 8
\BOOKMARK [1][-]{section.1.8}{\376\377\000F\000a\000s\000t\000e\000r\000\040\000F\000i\000t\000s\000\040\040\024\000\040\000P\000r\000o\000c\000e\000s\000s\000e\000d\000\040\000D\000a\000t\000a\000s\000e\000t\000s}{chapter.1}% 9
\BOOKMARK [1][-]{section.1.9}{\376\377\000A\000c\000c\000u\000r\000a\000t\000e\000\040\000F\000i\000t\000s\000\040\040\024\000\040\000S\000V\000D\000\040\000C\000u\000t\000s}{chapter.1}% 10
\BOOKMARK [1][-]{section.1.10}{\376\377\000V\000a\000r\000i\000a\000t\000i\000o\000n\000s}{chapter.1}% 11
\BOOKMARK [1][-]{section.1.11}{\376\377\000V\000e\000r\000y\000\040\000F\000a\000s\000t\000\040\000\050\000B\000u\000t\000\040\000L\000i\000m\000i\000t\000e\000d\000\051\000\040\000F\000i\000t\000s}{chapter.1}% 12
\BOOKMARK [1][-]{section.1.12}{\376\377\0003\000-\000P\000o\000i\000n\000t\000\040\000C\000o\000r\000r\000e\000l\000a\000t\000o\000r\000s}{chapter.1}% 13
\BOOKMARK [1][-]{section.1.13}{\376\377\000T\000e\000s\000t\000i\000n\000g\000\040\000F\000i\000t\000s\000\040\000w\000i\000t\000h\000\040\000S\000i\000m\000u\000l\000a\000t\000e\000d\000\040\000D\000a\000t\000a}{chapter.1}% 14
\BOOKMARK [1][-]{section.1.14}{\376\377\000B\000o\000o\000t\000s\000t\000r\000a\000p\000\040\000A\000n\000a\000l\000y\000s\000e\000s}{chapter.1}% 15
\BOOKMARK [1][-]{section.1.15}{\376\377\000I\000m\000p\000l\000e\000m\000e\000n\000t\000a\000t\000i\000o\000n}{chapter.1}% 16
\BOOKMARK [1][-]{section.1.16}{\376\377\000C\000o\000r\000r\000e\000l\000a\000t\000o\000r\000\040\000M\000o\000d\000e\000l\000\040\000O\000b\000j\000e\000c\000t\000s}{chapter.1}% 17
\BOOKMARK [1][-]{section.1.17}{\376\377\000c\000o\000r\000r\000f\000i\000t\000t\000e\000r\000.\000C\000o\000r\000r\000F\000i\000t\000t\000e\000r\000\040\000O\000b\000j\000e\000c\000t\000s}{chapter.1}% 18
\BOOKMARK [1][-]{section.1.18}{\376\377\000c\000o\000r\000r\000f\000i\000t\000t\000e\000r\000.\000E\000i\000g\000e\000n\000B\000a\000s\000i\000s\000\040\000O\000b\000j\000e\000c\000t\000s}{chapter.1}% 19
\BOOKMARK [1][-]{section.1.19}{\376\377\000F\000a\000s\000t\000\040\000F\000i\000t\000\040\000O\000b\000j\000e\000c\000t\000s}{chapter.1}% 20
\BOOKMARK [0][-]{chapter.2}{\376\377\000A\000n\000n\000o\000t\000a\000t\000e\000d\000\040\000E\000x\000a\000m\000p\000l\000e\000:\000\040\000T\000w\000o\000-\000P\000o\000i\000n\000t\000\040\000C\000o\000r\000r\000e\000l\000a\000t\000o\000r}{}% 21
\BOOKMARK [1][-]{section.2.1}{\376\377\000I\000n\000t\000r\000o\000d\000u\000c\000t\000i\000o\000n}{chapter.2}% 22
\BOOKMARK [1][-]{section.2.2}{\376\377\000C\000o\000d\000e}{chapter.2}% 23
\BOOKMARK [1][-]{section.2.3}{\376\377\000R\000e\000s\000u\000l\000t\000s}{chapter.2}% 24
\BOOKMARK [1][-]{section.2.4}{\376\377\000C\000o\000r\000r\000e\000l\000a\000t\000e\000d\000\040\000D\000a\000t\000a\000?}{chapter.2}% 25
\BOOKMARK [1][-]{section.2.5}{\376\377\000F\000a\000s\000t\000\040\000F\000i\000t\000\040\000a\000n\000d\000\040\000E\000f\000f\000e\000c\000t\000i\000v\000e\000\040\000M\000a\000s\000s}{chapter.2}% 26
\BOOKMARK [0][-]{chapter.3}{\376\377\000A\000n\000n\000o\000t\000a\000t\000e\000d\000\040\000E\000x\000a\000m\000p\000l\000e\000:\000\040\000T\000r\000a\000n\000s\000i\000t\000i\000o\000n\000\040\000F\000o\000r\000m\000\040\000F\000a\000c\000t\000o\000r\000\040\000a\000n\000d\000\040\000M\000i\000x\000i\000n\000g}{}% 27
\BOOKMARK [1][-]{section.3.1}{\376\377\000I\000n\000t\000r\000o\000d\000u\000c\000t\000i\000o\000n}{chapter.3}% 28
\BOOKMARK [1][-]{section.3.2}{\376\377\000C\000o\000d\000e}{chapter.3}% 29
\BOOKMARK [1][-]{section.3.3}{\376\377\000R\000e\000s\000u\000l\000t\000s}{chapter.3}% 30
\BOOKMARK [1][-]{section.3.4}{\376\377\000V\000a\000r\000i\000a\000t\000i\000o\000n\000:\000\040\000M\000a\000r\000g\000i\000n\000a\000l\000i\000z\000a\000t\000i\000o\000n}{chapter.3}% 31
\BOOKMARK [1][-]{section.3.5}{\376\377\000V\000a\000r\000i\000a\000t\000i\000o\000n\000:\000\040\000C\000h\000a\000i\000n\000e\000d\000\040\000F\000i\000t}{chapter.3}% 32
\BOOKMARK [1][-]{section.3.6}{\376\377\000T\000e\000s\000t\000\040\000t\000h\000e\000\040\000A\000n\000a\000l\000y\000s\000i\000s}{chapter.3}% 33
\BOOKMARK [1][-]{section.3.7}{\376\377\000M\000i\000x\000i\000n\000g}{chapter.3}% 34
\BOOKMARK [0][-]{chapter.4}{\376\377\000A\000n\000n\000o\000t\000a\000t\000e\000d\000\040\000E\000x\000a\000m\000p\000l\000e\000:\000\040\000M\000a\000t\000r\000i\000x\000\040\000C\000o\000r\000r\000e\000l\000a\000t\000o\000r}{}% 35
\BOOKMARK [1][-]{section.4.1}{\376\377\000I\000n\000t\000r\000o\000d\000u\000c\000t\000i\000o\000n}{chapter.4}% 36
\BOOKMARK [1][-]{section.4.2}{\376\377\000C\000o\000d\000e}{chapter.4}% 37
\BOOKMARK [1][-]{section.4.3}{\376\377\000R\000e\000s\000u\000l\000t\000s}{chapter.4}% 38
\BOOKMARK [1][-]{section.4.4}{\376\377\000F\000i\000t\000\040\000S\000t\000a\000b\000i\000l\000i\000t\000y}{chapter.4}% 39
\BOOKMARK [1][-]{section.4.5}{\376\377\000A\000l\000t\000e\000r\000n\000a\000t\000i\000v\000e\000\040\000O\000r\000g\000a\000n\000i\000z\000a\000t\000i\000o\000n}{chapter.4}% 40
\BOOKMARK [0][-]{chapter.5}{\376\377\000I\000n\000d\000i\000c\000e\000s\000\040\000a\000n\000d\000\040\000t\000a\000b\000l\000e\000s}{}% 41
\BOOKMARK [0][-]{section*.33}{\376\377\000P\000y\000t\000h\000o\000n\000\040\000M\000o\000d\000u\000l\000e\000\040\000I\000n\000d\000e\000x}{}% 42
\BOOKMARK [0][-]{section*.34}{\376\377\000I\000n\000d\000e\000x}{}% 43
