  131.3    83.9
  224.7    79.7
  296.6    61.2
  328.0    81.2
  285.5    84.6
   41.6    78.4
  187.9    72.1
  228.2    78.2
  274.2    72.6
  196.0    68.5
  335.4    80.3
   56.6    76.5
   42.7    80.0
    0.3    74.4
  114.7    76.2
  252.8    56.6
  316.7    76.2
  295.0    82.1
  314.0    81.7
  200.1    65.7
  175.1    75.5
  238.0    84.4
  325.3    83.5
   14.8    83.5
  243.2    85.3
  313.5    84.2
   72.8    64.5
  180.5    77.0
  179.3    82.6
  315.7    59.0
    1.9    74.3
  213.5    86.4
   16.4    66.8
  262.5    82.2
  263.5    62.2
  168.7    78.2
  301.7    87.5
  177.2    83.2
  345.7    76.3
  107.4    78.4
  358.7    70.2
  308.3    74.8
  312.9    88.1
  354.3    72.3
  157.8    75.1
   86.0    76.8
  164.8    69.7
  158.5    81.8
  108.8    70.1
   70.5    65.8
   98.3    66.9
  165.6    86.7
  203.4    74.7
  240.3    60.5
   29.6    73.7
  354.3    80.1
   28.0    58.0
  302.5    73.1
  142.2    69.4
  200.5    80.2
    4.9    79.9
   54.3    77.3
  102.1    77.9
  354.9    77.2
  288.7    82.9
   18.4    68.2
   67.7    81.5
  143.4    61.3
   72.6    69.0
   59.9    66.4
   89.5    76.4
  187.9    69.1
  178.6    76.2
  230.7    69.4
   13.3    83.9
   11.1    57.9
  185.5    82.4
  140.5    61.0
  277.1    56.2
   25.0    50.4
  310.0    74.4
  278.6    78.4
  116.9    85.3
   44.0    50.8
  333.6    59.5
  116.2    87.0
  152.4    68.4
   13.8    84.8
  194.7    75.6
  226.4    87.4
  316.3    75.2
  352.0    64.3
  178.2    81.0
  351.5    75.8
   47.9    76.2
  210.8    76.5
    1.0    67.5
  287.7    62.1
  216.4    85.3
  282.3    76.5
