\BOOKMARK [0][-]{chapter.1}{\376\377\000F\000e\000a\000t\000u\000r\000e\000s}{}% 1
\BOOKMARK [0][-]{chapter.2}{\376\377\000I\000n\000s\000t\000a\000l\000l\000a\000t\000i\000o\000n}{}% 2
\BOOKMARK [0][-]{chapter.3}{\376\377\000U\000s\000a\000g\000e}{}% 3
\BOOKMARK [1][-]{section.3.1}{\376\377\000C\000o\000l\000o\000u\000r\000\040\000M\000a\000n\000u\000a\000l}{chapter.3}% 4
\BOOKMARK [2][-]{subsection.3.1.1}{\376\377\000T\000u\000t\000o\000r\000i\000a\000l}{section.3.1}% 5
\BOOKMARK [3][-]{subsubsection.3.1.1.1}{\376\377\000O\000v\000e\000r\000v\000i\000e\000w}{subsection.3.1.1}% 6
\BOOKMARK [3][-]{subsubsection.3.1.1.2}{\376\377\000F\000r\000o\000m\000\040\000S\000p\000e\000c\000t\000r\000a\000l\000\040\000P\000o\000w\000e\000r\000\040\000D\000i\000s\000t\000r\000i\000b\000u\000t\000i\000o\000n}{subsection.3.1.1}% 7
\BOOKMARK [3][-]{subsubsection.3.1.1.3}{\376\377\000C\000o\000n\000v\000e\000r\000t\000\040\000t\000o\000\040\000T\000r\000i\000s\000t\000i\000m\000u\000l\000u\000s\000\040\000V\000a\000l\000u\000e\000s}{subsection.3.1.1}% 8
\BOOKMARK [3][-]{subsubsection.3.1.1.4}{\376\377\000F\000r\000o\000m\000\040\000C\000I\000E\000\040\000X\000Y\000Z\000\040\000C\000o\000l\000o\000u\000r\000s\000p\000a\000c\000e}{subsection.3.1.1}% 9
\BOOKMARK [3][-]{subsubsection.3.1.1.5}{\376\377\000C\000o\000n\000v\000e\000r\000t\000\040\000t\000o\000\040\000S\000c\000r\000e\000e\000n\000\040\000C\000o\000l\000o\000u\000r\000s}{subsection.3.1.1}% 10
\BOOKMARK [3][-]{subsubsection.3.1.1.6}{\376\377\000G\000e\000n\000e\000r\000a\000t\000e\000\040\000C\000o\000l\000o\000u\000r\000\040\000R\000e\000n\000d\000i\000t\000i\000o\000n\000\040\000C\000h\000a\000r\000t\000s}{subsection.3.1.1}% 11
\BOOKMARK [3][-]{subsubsection.3.1.1.7}{\376\377\000C\000o\000n\000v\000e\000r\000t\000\040\000t\000o\000\040\000C\000h\000r\000o\000m\000a\000t\000i\000c\000i\000t\000y\000\040\000C\000o\000o\000r\000d\000i\000n\000a\000t\000e\000s}{subsection.3.1.1}% 12
\BOOKMARK [3][-]{subsubsection.3.1.1.8}{\376\377\000A\000n\000d\000\040\000M\000o\000r\000e\040\046}{subsection.3.1.1}% 13
\BOOKMARK [2][-]{subsection.3.1.2}{\376\377\000R\000e\000f\000e\000r\000e\000n\000c\000e}{section.3.1}% 14
\BOOKMARK [3][-]{subsubsection.3.1.2.1}{\376\377\000C\000o\000l\000o\000u\000r}{subsection.3.1.2}% 15
\BOOKMARK [3][-]{subsubsection.3.1.2.2}{\376\377\000I\000n\000d\000i\000c\000e\000s\000\040\000a\000n\000d\000\040\000t\000a\000b\000l\000e\000s}{subsection.3.1.2}% 16
\BOOKMARK [2][-]{subsection.3.1.3}{\376\377\000B\000i\000b\000l\000i\000o\000g\000r\000a\000p\000h\000y}{section.3.1}% 17
\BOOKMARK [3][-]{subsubsection.3.1.3.1}{\376\377\000I\000n\000d\000i\000r\000e\000c\000t\000\040\000R\000e\000f\000e\000r\000e\000n\000c\000e\000s}{subsection.3.1.3}% 18
\BOOKMARK [1][-]{section.3.2}{\376\377\000E\000x\000a\000m\000p\000l\000e\000s}{chapter.3}% 19
\BOOKMARK [0][-]{chapter.4}{\376\377\000C\000o\000n\000t\000r\000i\000b\000u\000t\000i\000n\000g}{}% 20
\BOOKMARK [0][-]{chapter.5}{\376\377\000C\000h\000a\000n\000g\000e\000s}{}% 21
\BOOKMARK [0][-]{chapter.6}{\376\377\000B\000i\000b\000l\000i\000o\000g\000r\000a\000p\000h\000y}{}% 22
\BOOKMARK [0][-]{chapter.7}{\376\377\000S\000e\000e\000\040\000A\000l\000s\000o}{}% 23
\BOOKMARK [0][-]{chapter.8}{\376\377\000A\000b\000o\000u\000t}{}% 24
\BOOKMARK [0][-]{chapter*.3396}{\376\377\000B\000i\000b\000l\000i\000o\000g\000r\000a\000p\000h\000y}{}% 25
\BOOKMARK [0][-]{section*.3634}{\376\377\000I\000n\000d\000e\000x}{}% 26
