10.479789
11.196125
10.619163
10.404741
11.052874
7.208528
9.937292
6.606251
10.777154
8.030869
13.799096
8.476459
7.714319
9.405081
9.864770
5.675240
8.939596
4.582370
11.680236
2.868321
14.870390
7.910262
11.037562
12.064094
3.926557
6.388469
8.588302
8.290359
7.385233
14.766690
13.172920
12.191962
16.078899
11.647944
11.384911
10.570244
13.478228
6.976942
11.818321
11.264940
7.615612
6.295456
8.121045
9.217265
13.820376
5.607640
9.667129
8.100858
12.362049
9.685762
5.260824
10.684928
10.186076
6.795918
10.887248
11.019622
9.733627
8.840186
13.252347
7.143267
10.924423
9.155953
9.194422
9.229515
7.485883
9.021528
11.188429
11.099107
8.680275
6.606041
12.755838
7.262922
4.803767
9.771210
11.402320
13.207547
8.388830
13.666439
9.545724
9.296129
11.637852
15.364426
11.070202
8.664801
11.833475
9.179593
12.771709
7.361116
11.767635
9.188935
9.141611
5.548790
5.635604
11.906388
11.822402
11.150621
10.254032
13.656562
12.988055
12.604354
4.615428
15.588808
11.055831
11.387565
9.249352
5.286969
9.422568
10.513030
14.413979
8.568738
6.603562
6.102538
11.133883
8.340011
7.317722
9.228174
8.147105
15.233400
12.240323
13.527520
10.937404
6.898693
5.924518
10.764277
12.463596
13.755608
15.071078
10.148151
9.797628
10.912770
8.793561
8.034711
7.755732
10.822313
5.952622
7.760036
10.030946
9.548261
9.395594
7.918208
12.440601
14.138778
7.722922
11.401959
6.038027
8.033839
8.505534
6.583710
12.633762
10.879888
4.390725
15.497481
7.618850
6.446246
5.510308
9.156882
7.964491
12.027189
8.791839
12.079398
6.008516
6.758646
6.325932
10.346410
13.420689
9.130933
5.359990
7.148255
8.136805
13.572222
7.120429
8.860214
5.124005
8.902236
9.470019
5.511411
10.279452
8.847759
11.424166
9.482619
10.913192
8.534118
9.554219
9.265371
8.407323
10.767400
10.769906
8.720477
9.164555
9.213408
14.352196
12.557682
5.403463
6.506711
11.170379
15.758532
17.008165
11.028175
10.332097
5.066267
3.838241
11.487533
14.821198
4.680559
12.011668
5.106370
11.359418
14.930218
10.767511
13.915076
15.812800
11.097866
11.939472
10.356041
7.780372
6.603250
9.806526
14.755607
11.553117
8.378463
9.936648
9.419489
9.256567
14.702557
8.277849
10.990984
11.345757
10.646355
12.403663
13.055237
8.731974
9.849403
15.085892
8.941883
8.222829
13.067252
14.473721
13.980216
10.093065
10.060856
11.340668
9.324607
10.416181
7.073807
9.813853
8.367567
12.673821
8.465196
10.448303
11.171827
12.674322
10.951628
10.478544
16.343744
11.267943
10.611158
9.381889
8.796216
11.905810
6.636452
10.110157
12.838537
14.574024
13.746445
8.079588
5.736857
8.845236
10.210013
2.176219
5.832009
7.444647
11.618709
9.314098
11.841551
10.197599
10.172407
6.940229
7.670197
10.203226
12.710866
9.831964
11.884958
8.014240
7.399032
10.610257
11.399227
12.415548
10.766812
9.339542
9.248795
10.617371
8.494987
8.602801
7.165227
6.990538
9.885606
15.240480
9.797286
11.578022
14.475736
7.262639
9.515473
9.407442
6.925301
5.133175
10.083467
13.079025
10.728281
6.775487
10.547626
16.451609
10.846225
7.820977
6.803521
5.959599
7.397738
10.901271
14.103446
13.513990
11.295780
9.315067
6.340435
9.102210
9.666112
8.550612
8.360649
10.653259
7.938843
5.885357
12.074026
15.194476
8.973405
6.843945
5.796424
10.517402
5.337049
14.722017
8.280115
5.788838
12.799646
7.141921
9.003825
14.857799
7.696360
8.182002
9.941291
10.657768
11.258308
11.045136
6.849352
8.087578
9.074380
11.466411
9.046939
8.776725
8.965272
7.780665
5.911227
5.010402
9.296025
10.042815
10.748369
10.361341
8.752943
9.044333
8.002694
4.579993
5.360006
11.281914
10.605498
14.494419
11.443378
10.881991
13.124625
13.014177
11.561284
7.703752
8.747378
9.120257
9.141492
12.378565
11.640423
11.231486
6.685297
10.990088
11.101536
11.623039
6.806541
10.091764
12.626926
8.077574
11.387294
9.253327
10.673644
6.703811
9.573889
7.759553
6.383378
17.668029
18.707843
6.958744
9.070342
12.036391
9.002260
6.263664
8.223574
11.387634
7.291803
13.623316
9.041411
8.607425
12.755865
9.334493
11.849490
11.089871
6.516904
13.177064
13.892502
11.511320
8.779193
7.676573
10.821458
10.741957
7.723219
11.709432
6.925723
17.629099
6.522380
9.507730
5.783571
9.264458
12.942653
5.453035
13.183880
11.247419
13.026348
12.671701
7.623920
15.410191
5.346147
10.513983
11.022596
16.782758
10.374173
9.483412
9.987527
12.437147
8.608190
6.517725
6.924534
10.777572
10.785347
7.454920
10.311104
8.709150
8.341096
5.297893
11.267188
15.835267
12.829229
7.331829
10.814957
8.160116
8.076432
12.014776
12.763337
10.188777
6.682640
8.083296
15.975338
15.028255
9.285617
7.061892
9.644028
8.799187
8.453633
0.653709
10.972957
13.567523
12.307274
8.707901
15.752558
8.003762
8.203266
12.536408
10.643907
9.046940
6.131010
7.195950
11.372231
5.911188
9.485119
8.281852
10.604401
14.254854
13.266044
6.387975
12.478545
7.819943
9.784338
11.968782
10.640733
7.461231
9.169629
8.160924
9.525198
3.753589
9.946868
7.476184
7.873848
10.538102
1.514190
15.136254
15.125483
6.538282
13.392066
8.950096
11.736957
11.104880
7.845264
14.875761
13.156307
8.897977
4.586319
8.381927
10.401416
12.395946
9.159495
8.919581
8.678214
3.901111
11.249735
12.465902
7.818015
13.902324
6.856215
9.968082
12.186877
12.566150
9.248807
12.350071
8.213072
12.362683
7.659332
9.036653
9.136821
11.149933
6.859255
8.667773
11.166061
15.324305
10.550443
10.981728
8.346520
12.262488
10.343394
10.726708
12.565058
10.939007
14.178933
12.623455
7.534525
3.845979
8.658348
7.407117
5.670890
9.930843
7.607833
6.900331
11.407626
11.691019
9.253513
10.190129
7.237786
13.337090
11.680729
5.212385
8.174002
9.286935
3.278983
12.574736
7.113473
13.124157
14.293611
11.310631
11.772206
3.929906
15.519003
10.676685
12.549473
10.598277
11.866927
11.124664
11.359665
6.807925
5.670339
11.838400
11.511174
12.632950
9.498376
11.673621
6.126473
10.087404
7.922647
9.354759
8.308632
9.379217
9.341753
7.428440
4.235586
7.896546
4.009539
12.335754
12.637484
7.298424
14.780346
10.575655
15.092169
10.983106
12.901870
8.384952
10.632799
7.320003
11.313731
11.118931
7.998754
12.405483
3.750543
11.362010
7.412785
11.914499
8.024267
5.723987
13.675743
10.250411
11.564042
9.558743
10.097557
10.279102
9.657337
11.311264
11.741741
6.099996
11.674222
8.714953
11.627810
13.542409
4.093177
16.373182
13.503986
10.874005
10.552659
9.125129
8.995517
13.295764
11.834599
6.135369
12.773788
5.949244
15.077350
6.379813
10.974473
10.835477
3.331010
2.595078
9.655211
12.499285
8.061088
7.951638
9.376234
6.027373
7.505705
14.232690
7.103672
4.383584
11.294250
7.544228
5.427960
5.467479
8.046842
5.984858
11.886289
11.913237
14.664400
10.374188
8.654508
3.351520
11.378549
19.181929
11.143532
5.304969
11.480532
9.556991
10.440352
11.624504
5.994218
9.132336
8.118727
11.780607
11.463311
6.543555
9.258365
7.613930
12.781602
11.825450
6.301023
16.311811
13.835950
8.996608
7.445555
6.266023
15.411727
7.848079
10.494638
5.464357
7.849726
10.715132
7.321346
13.876642
8.795937
15.457096
10.183707
5.254082
11.976401
11.271432
4.456493
10.606971
11.170357
5.407263
9.542032
7.886967
9.215282
6.380881
14.362024
9.269720
7.350526
2.722595
4.889872
10.943096
8.293865
8.651835
11.122188
11.770688
4.024178
10.633390
10.725016
9.957568
11.747241
18.132235
6.825311
9.034884
5.830255
9.003076
7.939940
11.486804
10.357833
12.176813
7.300580
8.542205
13.705142
7.370714
8.792968
11.988989
6.696732
11.406845
3.772883
12.088876
8.991025
8.387873
11.546493
10.152649
11.260002
11.967633
10.887480
11.623639
8.255429
7.332238
5.827191
7.339018
4.233526
11.100198
9.943167
4.721354
13.892964
7.755092
2.486605
7.781485
11.379559
14.560997
8.440955
9.339323
11.087980
16.419999
9.003083
6.115862
10.430932
8.937788
4.092826
13.202405
15.135552
12.892501
8.335814
7.705344
9.772492
11.983436
7.557112
7.527514
9.634986
13.291589
7.859736
16.318519
13.370648
8.362505
13.739963
10.455785
12.017905
14.699565
6.788382
13.010163
6.820498
13.268347
11.974023
8.808197
16.060327
10.811722
9.842909
10.967531
6.811102
8.198096
9.352042
13.667818
11.193891
12.177023
14.356985
9.304300
11.237990
7.409891
11.628458
10.757969
11.223533
14.191786
6.368266
17.322479
10.495099
9.582838
10.789260
4.192113
5.479830
5.668230
9.839130
11.036980
14.569069
7.971087
7.240418
17.328722
6.922517
14.154488
8.887708
9.468788
6.914099
10.862323
12.233002
7.342315
8.220878
15.077037
6.678299
7.462501
6.843943
8.818196
13.643305
7.765529
9.210124
9.445767
8.196394
12.244162
9.823476
11.096240
4.343235
14.169535
11.392310
8.612247
4.429310
5.367377
15.648633
8.126292
9.251140
13.561951
8.259685
11.933011
11.730838
15.731358
8.908690
7.278880
13.033686
2.176652
3.865203
9.673371
9.776745
10.470132
11.525709
1.979568
6.629117
15.231757
14.395951
7.984791
12.542801
11.662830
9.985797
10.713698
7.517225
15.474311
5.092349
5.796252
9.644819
12.022848
11.711946
5.009930
10.061770
5.765954
12.106968
9.136124
8.164184
11.291659
12.963625
16.157533
12.562471
6.525141
13.126173
7.872642
14.570967
8.275229
3.928925
10.123679
13.661971
8.981235
13.137776
6.118874
15.936347
4.419299
7.711358
11.983127
7.212998
7.797344
8.306294
8.531075
12.053407
7.106270
12.177437
9.493126
8.627666
10.284319
12.525173
6.145738
11.997474
5.968399
12.125563
7.339071
10.152453
9.246416
13.002330
17.509795
7.181454
15.020862
10.691061
9.644715
10.566037
8.084115
8.560583
16.906043
8.338477
14.555041
11.760663
11.467013
10.856405
14.836155
10.731388
11.845068
11.594323
15.754194
10.619118
4.385938
5.665519
8.126118
12.216715
12.603198
10.865767
13.271745
4.817332
12.377032
6.940781
6.686980
4.876569
7.948202
16.286952
14.082884
7.739253
13.112724
4.303370
9.040812
14.284163
